#
# A fatal error has been detected by the Java Runtime Environment:
#
#  SIGSEGV (0xb) at pc=0x00007ffa32fbbb36, pid=6700, tid=8707
#
# JRE version: OpenJDK Runtime Environment Temurin-17.0.7+7 (17.0.7+7) (build 17.0.7+7)
# Java VM: OpenJDK 64-Bit Server VM Temurin-17.0.7+7 (17.0.7+7, mixed mode, sharing, tiered, compressed oops, compressed class ptrs, g1 gc, bsd-amd64)
# Problematic frame:
# C  [GLEngine+0x133b36]  gleRunVertexSubmitImmediate+0x2636
#
# No core dump will be written. Core dumps have been disabled. To enable core dumping, try "ulimit -c unlimited" before starting Java again
#
# If you would like to submit a bug report, please visit:
#   https://github.com/adoptium/adoptium-support/issues
# The crash happened outside the Java Virtual Machine in native code.
# See problematic frame for where to report the bug.
#

---------------  S U M M A R Y ------------

Command Line: -Dfile.encoding=UTF-8 -Djava.library.path=/Users/lukekimes/cs4450/lwjgl-2.9.2/native/macosx --module-path=/Users/lukekimes/NetBeansProjects/Checkpoint_2/build/classes checkpoint_2.Checkpoint_2

Host: "MacBookPro15,4" x86_64 1400 MHz, 8 cores, 16G, Darwin 22.6.0, macOS 10.16 (22G91)
Time: Tue Nov  7 20:41:51 2023 PST elapsed time: 0.691969 seconds (0d 0h 0m 0s)

---------------  T H R E A D  ---------------

Current thread (0x00007fc823013a00):  JavaThread "main" [_thread_in_native, id=8707, stack(0x000070000a0f3000,0x000070000a1f3000)]

Stack: [0x000070000a0f3000,0x000070000a1f3000],  sp=0x000070000a1f2610,  free space=1021k
Native frames: (J=compiled Java code, j=interpreted, Vv=VM code, C=native code)
C  [GLEngine+0x133b36]  gleRunVertexSubmitImmediate+0x2636
C  [GLEngine+0x270c3]  glDrawArrays_Exec+0x28a
j  org.lwjgl.opengl.GL11.nglDrawArrays(IIIJ)V+0
j  org.lwjgl.opengl.GL11.glDrawArrays(III)V+20
j  checkpoint_2.Checkpoint_2$Chunk.render()V+69
j  checkpoint_2.Checkpoint_2$FPCameraController.gameLoop()V+200
j  checkpoint_2.Checkpoint_2$Basic3D.start(Lcheckpoint_2/Checkpoint_2$FPCameraController;)V+9
j  checkpoint_2.Checkpoint_2.main([Ljava/lang/String;)V+21
v  ~StubRoutines::call_stub
V  [libjvm.dylib+0x51fe16]  JavaCalls::call_helper(JavaValue*, methodHandle const&, JavaCallArguments*, JavaThread*)+0x2b6
V  [libjvm.dylib+0x582e58]  jni_invoke_static(JNIEnv_*, JavaValue*, _jobject*, JNICallType, _jmethodID*, JNI_ArgumentPusher*, JavaThread*)+0x158
V  [libjvm.dylib+0x586348]  jni_CallStaticVoidMethod+0x198
C  [libjli.dylib+0x509d]  JavaMain+0xc1d
C  [libjli.dylib+0x7749]  ThreadJavaMain+0x9
C  [libsystem_pthread.dylib+0x61d3]  _pthread_start+0x7d
C  [libsystem_pthread.dylib+0x1bd3]  thread_start+0xf

Java frames: (J=compiled Java code, j=interpreted, Vv=VM code)
j  org.lwjgl.opengl.GL11.nglDrawArrays(IIIJ)V+0
j  org.lwjgl.opengl.GL11.glDrawArrays(III)V+20
j  checkpoint_2.Checkpoint_2$Chunk.render()V+69
j  checkpoint_2.Checkpoint_2$FPCameraController.gameLoop()V+200
j  checkpoint_2.Checkpoint_2$Basic3D.start(Lcheckpoint_2/Checkpoint_2$FPCameraController;)V+9
j  checkpoint_2.Checkpoint_2.main([Ljava/lang/String;)V+21
v  ~StubRoutines::call_stub

siginfo: si_signo: 11 (SIGSEGV), si_code: 1 (SEGV_MAPERR), si_addr: 0x0000000000000008

Register to memory mapping:

RAX=0x0000000000000006 is an unknown value
RBX=0x0 is NULL
RCX=0x0 is NULL
RDX=0x00007ffa32fbb6f4: gleRunVertexSubmitImmediate+0x21f4 in /System/Library/Frameworks/OpenGL.framework/Versions/A/Resources/GLEngine.bundle/GLEngine at 0x00007ffa32e88000
RSP=0x000070000a1f2610 is pointing into the stack for thread: 0x00007fc823013a00
RBP=0x000070000a1f27b0 is pointing into the stack for thread: 0x00007fc823013a00
RSI=0x00007ffa32fbbfb0: gleRunVertexSubmitImmediate+0x2ab0 in /System/Library/Frameworks/OpenGL.framework/Versions/A/Resources/GLEngine.bundle/GLEngine at 0x00007ffa32e88000
RDI=0x0000000000000003 is an unknown value
R8 =0x0 is NULL
R9 =0x000060000031a060 points into unknown readable memory: 0x00000008000c2a03 | 03 2a 0c 00 08 00 00 00
R10=0x0000000000000006 is an unknown value
R11=0x00000c3300801800 is an unknown value
R12=0x0000000000000003 is an unknown value
R13=0x00007fc821ac1000 points into unknown readable memory: 0x0000000000000000 | 00 00 00 00 00 00 00 00
R14=0x0000000000801800 is an unknown value
R15=0x0000000000000003 is an unknown value


Registers:
RAX=0x0000000000000006, RBX=0x0000000000000000, RCX=0x0000000000000000, RDX=0x00007ffa32fbb6f4
RSP=0x000070000a1f2610, RBP=0x000070000a1f27b0, RSI=0x00007ffa32fbbfb0, RDI=0x0000000000000003
R8 =0x0000000000000000, R9 =0x000060000031a060, R10=0x0000000000000006, R11=0x00000c3300801800
R12=0x0000000000000003, R13=0x00007fc821ac1000, R14=0x0000000000801800, R15=0x0000000000000003
RIP=0x00007ffa32fbbb36, EFLAGS=0x0000000000010297, ERR=0x0000000000000004
  TRAPNO=0x000000000000000e

Top of Stack: (sp=0x000070000a1f2610)
0x000070000a1f2610:   0000000000000000 00007fc821ac1170
0x000070000a1f2620:   00007fc821ac1140 00007fc821ac11a0
0x000070000a1f2630:   00007fc821ac1160 00007fc821ac1180
0x000070000a1f2640:   00007fc821ac1150 0000000000000001
0x000070000a1f2650:   0000000000000000 0000000000000000
0x000070000a1f2660:   c01e7dffffffff00 00007fc821ac1190
0x000070000a1f2670:   00007fc824dd26e0 00007fc824dc92b0
0x000070000a1f2680:   0000000000000003 000060000031a060
0x000070000a1f2690:   ffffffffffffffff ffffffffffffffff
0x000070000a1f26a0:   ffffffffffffffff fffffffffffffffe
0x000070000a1f26b0:   ffffffffffffffff 0000000000000000
0x000070000a1f26c0:   00000000ffffffff 0000000000000000
0x000070000a1f26d0:   0000000000000000 00007fc821ac1000
0x000070000a1f26e0:   ffffffffffffffff ffffffffffffffff
0x000070000a1f26f0:   ffffffffffffffff ffffffffffffffff
0x000070000a1f2700:   000070000a1f2730 00007ffa32fb42d0
0x000070000a1f2710:   e8d16b3170680050 00007fc824dc92b0
0x000070000a1f2720:   0000000000000000 0000000000000000
0x000070000a1f2730:   0000000000000000 000000000000154f
0x000070000a1f2740:   0000000000000000 000000012ed67060
0x000070000a1f2750:   000000012eda6de0 0000000000000000
0x000070000a1f2760:   00007fc821ac4e70 00007fc821ac5080
0x000070000a1f2770:   00007fc8221af5c0 0000000000000000
0x000070000a1f2780:   e8d16b3170680050 0000000000000000
0x000070000a1f2790:   00007fc8221af200 00007fc821ac1000
0x000070000a1f27a0:   0000000000001548 000000000009e340
0x000070000a1f27b0:   000070000a1f2810 00007ffa32eaf0c3
0x000070000a1f27c0:   00007fc8221af640 0000000000000007
0x000070000a1f27d0:   000000000009e340 00000000254c10b0
0x000070000a1f27e0:   0009e34000000007 00000001254c10b0
0x000070000a1f27f0:   0000000000000000 00000001254c10b0
0x000070000a1f2800:   000070000a1f28d0 00007fc823013a00 

Instructions: (pc=0x00007ffa32fbbb36)
0x00007ffa32fbba36:   0f 5b c1 41 0f 59 85 60 01 00 00 f3 41 0f 10 8d
0x00007ffa32fbba46:   30 01 00 00 0f c6 c9 00 0f 5f c1 66 0f 3a 0c e0
0x00007ffa32fbba56:   07 41 ba 0c 00 00 00 e9 4e eb ff ff 66 0f 6e 41
0x00007ffa32fbba66:   08 f3 0f 7e 09 66 0f 6c c8 66 0f 72 d1 01 0f 5b
0x00007ffa32fbba76:   c1 41 0f 59 85 90 01 00 00 66 0f 3a 0c e0 07 41
0x00007ffa32fbba86:   ba 0d 00 00 00 e9 20 eb ff ff f3 0f 10 41 08 f2
0x00007ffa32fbba96:   0f 10 09 0f 16 c8 0f 5b e1 41 0f 59 a5 a0 01 00
0x00007ffa32fbbaa6:   00 41 ba 13 00 00 00 e9 fe ea ff ff 31 ff 31 f6
0x00007ffa32fbbab6:   c1 e6 0d 09 fe 0f bf d2 81 e2 00 00 00 80 09 f2
0x00007ffa32fbbac6:   89 95 40 ff ff ff 4c 89 ff 83 ff 02 0f 82 90 01
0x00007ffa32fbbad6:   00 00 0f b7 51 02 89 d6 81 e6 ff 03 00 00 89 d7
0x00007ffa32fbbae6:   81 e7 00 7c 00 00 74 19 81 ff 00 7c 00 00 75 35
0x00007ffa32fbbaf6:   85 f6 be ff ff ff 7f bf 00 00 80 7f 0f 44 f7 eb
0x00007ffa32fbbb06:   49 85 f6 74 3c bf 00 00 80 38 89 f3 8d 34 1b 81
0x00007ffa32fbbb16:   c7 00 00 80 ff f7 c3 00 02 00 00 74 ed 81 e6 fe
0x00007ffa32fbbb26:   03 00 00 eb 20 c1 e7 0d 81 c7 00 00 00 38 eb 15
0x00007ffa32fbbb36:   f3 0f 10 41 08 f2 0f 10 21 0f 16 e0 e9 eb e7 ff
0x00007ffa32fbbb46:   ff 31 ff 31 f6 c1 e6 0d 09 fe 0f bf d2 81 e2 00
0x00007ffa32fbbb56:   00 00 80 09 f2 89 95 44 ff ff ff 4c 89 ff 83 ff
0x00007ffa32fbbb66:   02 0f 84 fb 00 00 00 0f b7 51 04 89 d6 81 e6 ff
0x00007ffa32fbbb76:   03 00 00 89 d7 81 e7 00 7c 00 00 74 19 81 ff 00
0x00007ffa32fbbb86:   7c 00 00 75 35 85 f6 be ff ff ff 7f bf 00 00 80
0x00007ffa32fbbb96:   7f 0f 44 f7 eb 38 85 f6 74 2b bf 00 00 80 38 89
0x00007ffa32fbbba6:   f3 8d 34 1b 81 c7 00 00 80 ff f7 c3 00 02 00 00
0x00007ffa32fbbbb6:   74 ed 81 e6 fe 03 00 00 eb 0f c1 e7 0d 81 c7 00
0x00007ffa32fbbbc6:   00 00 38 eb 04 31 ff 31 f6 c1 e6 0d 09 fe 0f bf
0x00007ffa32fbbbd6:   d2 81 e2 00 00 00 80 09 f2 89 95 48 ff ff ff 4c
0x00007ffa32fbbbe6:   89 ff 83 ff 04 72 7b 0f b7 49 06 89 ca 81 e2 ff
0x00007ffa32fbbbf6:   03 00 00 89 ce 81 e6 00 7c 00 00 74 19 81 fe 00
0x00007ffa32fbbc06:   7c 00 00 75 38 85 d2 ba ff ff ff 7f be 00 00 80
0x00007ffa32fbbc16:   7f 0f 44 d6 eb 3b 85 d2 74 2e be 00 00 80 38 89
0x00007ffa32fbbc26:   d7 8d 14 3f 81 c6 00 00 80 ff f7 c7 00 02 00 00 


Stack slot to memory mapping:
stack at sp + 0 slots: 0x0 is NULL
stack at sp + 1 slots: 0x00007fc821ac1170 points into unknown readable memory: 0x3b8080813b808081 | 81 80 80 3b 81 80 80 3b
stack at sp + 2 slots: 0x00007fc821ac1140 points into unknown readable memory: 0x3c0102043c010204 | 04 02 01 3c 04 02 01 3c
stack at sp + 3 slots: 0x00007fc821ac11a0 points into unknown readable memory: 0x3780000037800000 | 00 00 80 37 00 00 80 37
stack at sp + 4 slots: 0x00007fc821ac1160 points into unknown readable memory: 0x3000000030000000 | 00 00 00 30 00 00 00 30
stack at sp + 5 slots: 0x00007fc821ac1180 points into unknown readable memory: 0x3780008037800080 | 80 00 80 37 80 00 80 37
stack at sp + 6 slots: 0x00007fc821ac1150 points into unknown readable memory: 0x3800010038000100 | 00 01 00 38 00 01 00 38
stack at sp + 7 slots: 0x0000000000000001 is an unknown value


---------------  P R O C E S S  ---------------

Threads class SMR info:
_java_thread_list=0x00006000038324e0, length=13, elements={
0x00007fc823013a00, 0x00007fc82380ea00, 0x00007fc823033600, 0x00007fc823033c00,
0x00007fc823034200, 0x00007fc823034800, 0x00007fc823034e00, 0x00007fc823035400,
0x00007fc82303fc00, 0x00007fc823812600, 0x00007fc821008c00, 0x00007fc8220ada00,
0x00007fc822150c00
}

Java Threads: ( => current thread )
=>0x00007fc823013a00 JavaThread "main" [_thread_in_native, id=8707, stack(0x000070000a0f3000,0x000070000a1f3000)]
  0x00007fc82380ea00 JavaThread "Reference Handler" daemon [_thread_blocked, id=19715, stack(0x000070000a808000,0x000070000a908000)]
  0x00007fc823033600 JavaThread "Finalizer" daemon [_thread_blocked, id=18947, stack(0x000070000a90b000,0x000070000aa0b000)]
  0x00007fc823033c00 JavaThread "Signal Dispatcher" daemon [_thread_blocked, id=31235, stack(0x000070000ab14000,0x000070000ac14000)]
  0x00007fc823034200 JavaThread "Service Thread" daemon [_thread_blocked, id=23555, stack(0x000070000ac17000,0x000070000ad17000)]
  0x00007fc823034800 JavaThread "Monitor Deflation Thread" daemon [_thread_blocked, id=23811, stack(0x000070000ad1a000,0x000070000ae1a000)]
  0x00007fc823034e00 JavaThread "C2 CompilerThread0" daemon [_thread_blocked, id=30467, stack(0x000070000ae1d000,0x000070000af1d000)]
  0x00007fc823035400 JavaThread "C1 CompilerThread0" daemon [_thread_blocked, id=29955, stack(0x000070000af20000,0x000070000b020000)]
  0x00007fc82303fc00 JavaThread "Sweeper thread" daemon [_thread_blocked, id=29443, stack(0x000070000b023000,0x000070000b123000)]
  0x00007fc823812600 JavaThread "Common-Cleaner" daemon [_thread_blocked, id=28931, stack(0x000070000b126000,0x000070000b226000)]
  0x00007fc821008c00 JavaThread "Notification Thread" daemon [_thread_blocked, id=24323, stack(0x000070000b229000,0x000070000b329000)]
  0x00007fc8220ada00 JavaThread "AppKit Thread" daemon [_thread_in_native, id=259, stack(0x00007ff7be8fe000,0x00007ff7bf0fe000)]
  0x00007fc822150c00 JavaThread "AWT-Shutdown" [_thread_blocked, id=39683, stack(0x000070000b42f000,0x000070000b52f000)]

Other Threads:
  0x00007fc821908490 VMThread "VM Thread" [stack: 0x000070000a705000,0x000070000a805000] [id=18691]
  0x00007fc82180e450 WatcherThread [stack: 0x000070000b32c000,0x000070000b42c000] [id=28675]
  0x00007fc821b07620 GCTaskThread "GC Thread#0" [stack: 0x000070000a1f6000,0x000070000a2f6000] [id=13827]
  0x00007fc821804670 ConcurrentGCThread "G1 Main Marker" [stack: 0x000070000a2f9000,0x000070000a3f9000] [id=12547]
  0x00007fc821904cf0 ConcurrentGCThread "G1 Conc#0" [stack: 0x000070000a3fc000,0x000070000a4fc000] [id=12803]
  0x00007fc821905550 ConcurrentGCThread "G1 Refine#0" [stack: 0x000070000a4ff000,0x000070000a5ff000] [id=16899]
  0x00007fc821905de0 ConcurrentGCThread "G1 Service" [stack: 0x000070000a602000,0x000070000a702000] [id=17411]

Threads with active compile tasks:

VM state: not at safepoint (normal execution)

VM Mutex/Monitor currently owned by a thread: None

Heap address: 0x0000000700000000, size: 4096 MB, Compressed Oops mode: Zero based, Oop shift amount: 3

CDS archive(s) mapped at: [0x0000000800000000-0x0000000800bd2000-0x0000000800bd2000), size 12394496, SharedBaseAddress: 0x0000000800000000, ArchiveRelocationMode: 0.
Compressed class space mapped at: 0x0000000801000000-0x0000000841000000, reserved size: 1073741824
Narrow klass base: 0x0000000800000000, Narrow klass shift: 0, Narrow klass range: 0x100000000

GC Precious Log:
 CPUs: 8 total, 8 available
 Memory: 16384M
 Large Page Support: Disabled
 NUMA Support: Disabled
 Compressed Oops: Enabled (Zero based)
 Heap Region Size: 2M
 Heap Min Capacity: 8M
 Heap Initial Capacity: 256M
 Heap Max Capacity: 4G
 Pre-touch: Disabled
 Parallel Workers: 8
 Concurrent Workers: 2
 Concurrent Refinement Workers: 8
 Periodic GC: Disabled

Heap:
 garbage-first heap   total 266240K, used 8148K [0x0000000700000000, 0x0000000800000000)
  region size 2048K, 4 young (8192K), 0 survivors (0K)
 Metaspace       used 3306K, committed 3392K, reserved 1114112K
  class space    used 254K, committed 320K, reserved 1048576K

Heap Regions: E=young(eden), S=young(survivor), O=old, HS=humongous(starts), HC=humongous(continues), CS=collection set, F=free, OA=open archive, CA=closed archive, TAMS=top-at-mark-start (previous, next)
|   0|0x0000000700000000, 0x0000000700000000, 0x0000000700200000|  0%| F|  |TAMS 0x0000000700000000, 0x0000000700000000| Untracked 
|   1|0x0000000700200000, 0x0000000700200000, 0x0000000700400000|  0%| F|  |TAMS 0x0000000700200000, 0x0000000700200000| Untracked 
|   2|0x0000000700400000, 0x0000000700400000, 0x0000000700600000|  0%| F|  |TAMS 0x0000000700400000, 0x0000000700400000| Untracked 
|   3|0x0000000700600000, 0x0000000700600000, 0x0000000700800000|  0%| F|  |TAMS 0x0000000700600000, 0x0000000700600000| Untracked 
|   4|0x0000000700800000, 0x0000000700800000, 0x0000000700a00000|  0%| F|  |TAMS 0x0000000700800000, 0x0000000700800000| Untracked 
|   5|0x0000000700a00000, 0x0000000700a00000, 0x0000000700c00000|  0%| F|  |TAMS 0x0000000700a00000, 0x0000000700a00000| Untracked 
|   6|0x0000000700c00000, 0x0000000700c00000, 0x0000000700e00000|  0%| F|  |TAMS 0x0000000700c00000, 0x0000000700c00000| Untracked 
|   7|0x0000000700e00000, 0x0000000700e00000, 0x0000000701000000|  0%| F|  |TAMS 0x0000000700e00000, 0x0000000700e00000| Untracked 
|   8|0x0000000701000000, 0x0000000701000000, 0x0000000701200000|  0%| F|  |TAMS 0x0000000701000000, 0x0000000701000000| Untracked 
|   9|0x0000000701200000, 0x0000000701200000, 0x0000000701400000|  0%| F|  |TAMS 0x0000000701200000, 0x0000000701200000| Untracked 
|  10|0x0000000701400000, 0x0000000701400000, 0x0000000701600000|  0%| F|  |TAMS 0x0000000701400000, 0x0000000701400000| Untracked 
|  11|0x0000000701600000, 0x0000000701600000, 0x0000000701800000|  0%| F|  |TAMS 0x0000000701600000, 0x0000000701600000| Untracked 
|  12|0x0000000701800000, 0x0000000701800000, 0x0000000701a00000|  0%| F|  |TAMS 0x0000000701800000, 0x0000000701800000| Untracked 
|  13|0x0000000701a00000, 0x0000000701a00000, 0x0000000701c00000|  0%| F|  |TAMS 0x0000000701a00000, 0x0000000701a00000| Untracked 
|  14|0x0000000701c00000, 0x0000000701c00000, 0x0000000701e00000|  0%| F|  |TAMS 0x0000000701c00000, 0x0000000701c00000| Untracked 
|  15|0x0000000701e00000, 0x0000000701e00000, 0x0000000702000000|  0%| F|  |TAMS 0x0000000701e00000, 0x0000000701e00000| Untracked 
|  16|0x0000000702000000, 0x0000000702000000, 0x0000000702200000|  0%| F|  |TAMS 0x0000000702000000, 0x0000000702000000| Untracked 
|  17|0x0000000702200000, 0x0000000702200000, 0x0000000702400000|  0%| F|  |TAMS 0x0000000702200000, 0x0000000702200000| Untracked 
|  18|0x0000000702400000, 0x0000000702400000, 0x0000000702600000|  0%| F|  |TAMS 0x0000000702400000, 0x0000000702400000| Untracked 
|  19|0x0000000702600000, 0x0000000702600000, 0x0000000702800000|  0%| F|  |TAMS 0x0000000702600000, 0x0000000702600000| Untracked 
|  20|0x0000000702800000, 0x0000000702800000, 0x0000000702a00000|  0%| F|  |TAMS 0x0000000702800000, 0x0000000702800000| Untracked 
|  21|0x0000000702a00000, 0x0000000702a00000, 0x0000000702c00000|  0%| F|  |TAMS 0x0000000702a00000, 0x0000000702a00000| Untracked 
|  22|0x0000000702c00000, 0x0000000702c00000, 0x0000000702e00000|  0%| F|  |TAMS 0x0000000702c00000, 0x0000000702c00000| Untracked 
|  23|0x0000000702e00000, 0x0000000702e00000, 0x0000000703000000|  0%| F|  |TAMS 0x0000000702e00000, 0x0000000702e00000| Untracked 
|  24|0x0000000703000000, 0x0000000703000000, 0x0000000703200000|  0%| F|  |TAMS 0x0000000703000000, 0x0000000703000000| Untracked 
|  25|0x0000000703200000, 0x0000000703200000, 0x0000000703400000|  0%| F|  |TAMS 0x0000000703200000, 0x0000000703200000| Untracked 
|  26|0x0000000703400000, 0x0000000703400000, 0x0000000703600000|  0%| F|  |TAMS 0x0000000703400000, 0x0000000703400000| Untracked 
|  27|0x0000000703600000, 0x0000000703600000, 0x0000000703800000|  0%| F|  |TAMS 0x0000000703600000, 0x0000000703600000| Untracked 
|  28|0x0000000703800000, 0x0000000703800000, 0x0000000703a00000|  0%| F|  |TAMS 0x0000000703800000, 0x0000000703800000| Untracked 
|  29|0x0000000703a00000, 0x0000000703a00000, 0x0000000703c00000|  0%| F|  |TAMS 0x0000000703a00000, 0x0000000703a00000| Untracked 
|  30|0x0000000703c00000, 0x0000000703c00000, 0x0000000703e00000|  0%| F|  |TAMS 0x0000000703c00000, 0x0000000703c00000| Untracked 
|  31|0x0000000703e00000, 0x0000000703e00000, 0x0000000704000000|  0%| F|  |TAMS 0x0000000703e00000, 0x0000000703e00000| Untracked 
|  32|0x0000000704000000, 0x0000000704000000, 0x0000000704200000|  0%| F|  |TAMS 0x0000000704000000, 0x0000000704000000| Untracked 
|  33|0x0000000704200000, 0x0000000704200000, 0x0000000704400000|  0%| F|  |TAMS 0x0000000704200000, 0x0000000704200000| Untracked 
|  34|0x0000000704400000, 0x0000000704400000, 0x0000000704600000|  0%| F|  |TAMS 0x0000000704400000, 0x0000000704400000| Untracked 
|  35|0x0000000704600000, 0x0000000704600000, 0x0000000704800000|  0%| F|  |TAMS 0x0000000704600000, 0x0000000704600000| Untracked 
|  36|0x0000000704800000, 0x0000000704800000, 0x0000000704a00000|  0%| F|  |TAMS 0x0000000704800000, 0x0000000704800000| Untracked 
|  37|0x0000000704a00000, 0x0000000704a00000, 0x0000000704c00000|  0%| F|  |TAMS 0x0000000704a00000, 0x0000000704a00000| Untracked 
|  38|0x0000000704c00000, 0x0000000704c00000, 0x0000000704e00000|  0%| F|  |TAMS 0x0000000704c00000, 0x0000000704c00000| Untracked 
|  39|0x0000000704e00000, 0x0000000704e00000, 0x0000000705000000|  0%| F|  |TAMS 0x0000000704e00000, 0x0000000704e00000| Untracked 
|  40|0x0000000705000000, 0x0000000705000000, 0x0000000705200000|  0%| F|  |TAMS 0x0000000705000000, 0x0000000705000000| Untracked 
|  41|0x0000000705200000, 0x0000000705200000, 0x0000000705400000|  0%| F|  |TAMS 0x0000000705200000, 0x0000000705200000| Untracked 
|  42|0x0000000705400000, 0x0000000705400000, 0x0000000705600000|  0%| F|  |TAMS 0x0000000705400000, 0x0000000705400000| Untracked 
|  43|0x0000000705600000, 0x0000000705600000, 0x0000000705800000|  0%| F|  |TAMS 0x0000000705600000, 0x0000000705600000| Untracked 
|  44|0x0000000705800000, 0x0000000705800000, 0x0000000705a00000|  0%| F|  |TAMS 0x0000000705800000, 0x0000000705800000| Untracked 
|  45|0x0000000705a00000, 0x0000000705a00000, 0x0000000705c00000|  0%| F|  |TAMS 0x0000000705a00000, 0x0000000705a00000| Untracked 
|  46|0x0000000705c00000, 0x0000000705c00000, 0x0000000705e00000|  0%| F|  |TAMS 0x0000000705c00000, 0x0000000705c00000| Untracked 
|  47|0x0000000705e00000, 0x0000000705e00000, 0x0000000706000000|  0%| F|  |TAMS 0x0000000705e00000, 0x0000000705e00000| Untracked 
|  48|0x0000000706000000, 0x0000000706000000, 0x0000000706200000|  0%| F|  |TAMS 0x0000000706000000, 0x0000000706000000| Untracked 
|  49|0x0000000706200000, 0x0000000706200000, 0x0000000706400000|  0%| F|  |TAMS 0x0000000706200000, 0x0000000706200000| Untracked 
|  50|0x0000000706400000, 0x0000000706400000, 0x0000000706600000|  0%| F|  |TAMS 0x0000000706400000, 0x0000000706400000| Untracked 
|  51|0x0000000706600000, 0x0000000706600000, 0x0000000706800000|  0%| F|  |TAMS 0x0000000706600000, 0x0000000706600000| Untracked 
|  52|0x0000000706800000, 0x0000000706800000, 0x0000000706a00000|  0%| F|  |TAMS 0x0000000706800000, 0x0000000706800000| Untracked 
|  53|0x0000000706a00000, 0x0000000706a00000, 0x0000000706c00000|  0%| F|  |TAMS 0x0000000706a00000, 0x0000000706a00000| Untracked 
|  54|0x0000000706c00000, 0x0000000706c00000, 0x0000000706e00000|  0%| F|  |TAMS 0x0000000706c00000, 0x0000000706c00000| Untracked 
|  55|0x0000000706e00000, 0x0000000706e00000, 0x0000000707000000|  0%| F|  |TAMS 0x0000000706e00000, 0x0000000706e00000| Untracked 
|  56|0x0000000707000000, 0x0000000707000000, 0x0000000707200000|  0%| F|  |TAMS 0x0000000707000000, 0x0000000707000000| Untracked 
|  57|0x0000000707200000, 0x0000000707200000, 0x0000000707400000|  0%| F|  |TAMS 0x0000000707200000, 0x0000000707200000| Untracked 
|  58|0x0000000707400000, 0x0000000707400000, 0x0000000707600000|  0%| F|  |TAMS 0x0000000707400000, 0x0000000707400000| Untracked 
|  59|0x0000000707600000, 0x0000000707600000, 0x0000000707800000|  0%| F|  |TAMS 0x0000000707600000, 0x0000000707600000| Untracked 
|  60|0x0000000707800000, 0x0000000707800000, 0x0000000707a00000|  0%| F|  |TAMS 0x0000000707800000, 0x0000000707800000| Untracked 
|  61|0x0000000707a00000, 0x0000000707a00000, 0x0000000707c00000|  0%| F|  |TAMS 0x0000000707a00000, 0x0000000707a00000| Untracked 
|  62|0x0000000707c00000, 0x0000000707c00000, 0x0000000707e00000|  0%| F|  |TAMS 0x0000000707c00000, 0x0000000707c00000| Untracked 
|  63|0x0000000707e00000, 0x0000000707e00000, 0x0000000708000000|  0%| F|  |TAMS 0x0000000707e00000, 0x0000000707e00000| Untracked 
|  64|0x0000000708000000, 0x0000000708000000, 0x0000000708200000|  0%| F|  |TAMS 0x0000000708000000, 0x0000000708000000| Untracked 
|  65|0x0000000708200000, 0x0000000708200000, 0x0000000708400000|  0%| F|  |TAMS 0x0000000708200000, 0x0000000708200000| Untracked 
|  66|0x0000000708400000, 0x0000000708400000, 0x0000000708600000|  0%| F|  |TAMS 0x0000000708400000, 0x0000000708400000| Untracked 
|  67|0x0000000708600000, 0x0000000708600000, 0x0000000708800000|  0%| F|  |TAMS 0x0000000708600000, 0x0000000708600000| Untracked 
|  68|0x0000000708800000, 0x0000000708800000, 0x0000000708a00000|  0%| F|  |TAMS 0x0000000708800000, 0x0000000708800000| Untracked 
|  69|0x0000000708a00000, 0x0000000708a00000, 0x0000000708c00000|  0%| F|  |TAMS 0x0000000708a00000, 0x0000000708a00000| Untracked 
|  70|0x0000000708c00000, 0x0000000708c00000, 0x0000000708e00000|  0%| F|  |TAMS 0x0000000708c00000, 0x0000000708c00000| Untracked 
|  71|0x0000000708e00000, 0x0000000708e00000, 0x0000000709000000|  0%| F|  |TAMS 0x0000000708e00000, 0x0000000708e00000| Untracked 
|  72|0x0000000709000000, 0x0000000709000000, 0x0000000709200000|  0%| F|  |TAMS 0x0000000709000000, 0x0000000709000000| Untracked 
|  73|0x0000000709200000, 0x0000000709200000, 0x0000000709400000|  0%| F|  |TAMS 0x0000000709200000, 0x0000000709200000| Untracked 
|  74|0x0000000709400000, 0x0000000709400000, 0x0000000709600000|  0%| F|  |TAMS 0x0000000709400000, 0x0000000709400000| Untracked 
|  75|0x0000000709600000, 0x0000000709600000, 0x0000000709800000|  0%| F|  |TAMS 0x0000000709600000, 0x0000000709600000| Untracked 
|  76|0x0000000709800000, 0x0000000709800000, 0x0000000709a00000|  0%| F|  |TAMS 0x0000000709800000, 0x0000000709800000| Untracked 
|  77|0x0000000709a00000, 0x0000000709a00000, 0x0000000709c00000|  0%| F|  |TAMS 0x0000000709a00000, 0x0000000709a00000| Untracked 
|  78|0x0000000709c00000, 0x0000000709c00000, 0x0000000709e00000|  0%| F|  |TAMS 0x0000000709c00000, 0x0000000709c00000| Untracked 
|  79|0x0000000709e00000, 0x0000000709e00000, 0x000000070a000000|  0%| F|  |TAMS 0x0000000709e00000, 0x0000000709e00000| Untracked 
|  80|0x000000070a000000, 0x000000070a000000, 0x000000070a200000|  0%| F|  |TAMS 0x000000070a000000, 0x000000070a000000| Untracked 
|  81|0x000000070a200000, 0x000000070a200000, 0x000000070a400000|  0%| F|  |TAMS 0x000000070a200000, 0x000000070a200000| Untracked 
|  82|0x000000070a400000, 0x000000070a400000, 0x000000070a600000|  0%| F|  |TAMS 0x000000070a400000, 0x000000070a400000| Untracked 
|  83|0x000000070a600000, 0x000000070a600000, 0x000000070a800000|  0%| F|  |TAMS 0x000000070a600000, 0x000000070a600000| Untracked 
|  84|0x000000070a800000, 0x000000070a800000, 0x000000070aa00000|  0%| F|  |TAMS 0x000000070a800000, 0x000000070a800000| Untracked 
|  85|0x000000070aa00000, 0x000000070aa00000, 0x000000070ac00000|  0%| F|  |TAMS 0x000000070aa00000, 0x000000070aa00000| Untracked 
|  86|0x000000070ac00000, 0x000000070ac00000, 0x000000070ae00000|  0%| F|  |TAMS 0x000000070ac00000, 0x000000070ac00000| Untracked 
|  87|0x000000070ae00000, 0x000000070ae00000, 0x000000070b000000|  0%| F|  |TAMS 0x000000070ae00000, 0x000000070ae00000| Untracked 
|  88|0x000000070b000000, 0x000000070b000000, 0x000000070b200000|  0%| F|  |TAMS 0x000000070b000000, 0x000000070b000000| Untracked 
|  89|0x000000070b200000, 0x000000070b200000, 0x000000070b400000|  0%| F|  |TAMS 0x000000070b200000, 0x000000070b200000| Untracked 
|  90|0x000000070b400000, 0x000000070b400000, 0x000000070b600000|  0%| F|  |TAMS 0x000000070b400000, 0x000000070b400000| Untracked 
|  91|0x000000070b600000, 0x000000070b600000, 0x000000070b800000|  0%| F|  |TAMS 0x000000070b600000, 0x000000070b600000| Untracked 
|  92|0x000000070b800000, 0x000000070b800000, 0x000000070ba00000|  0%| F|  |TAMS 0x000000070b800000, 0x000000070b800000| Untracked 
|  93|0x000000070ba00000, 0x000000070ba00000, 0x000000070bc00000|  0%| F|  |TAMS 0x000000070ba00000, 0x000000070ba00000| Untracked 
|  94|0x000000070bc00000, 0x000000070bc00000, 0x000000070be00000|  0%| F|  |TAMS 0x000000070bc00000, 0x000000070bc00000| Untracked 
|  95|0x000000070be00000, 0x000000070be00000, 0x000000070c000000|  0%| F|  |TAMS 0x000000070be00000, 0x000000070be00000| Untracked 
|  96|0x000000070c000000, 0x000000070c000000, 0x000000070c200000|  0%| F|  |TAMS 0x000000070c000000, 0x000000070c000000| Untracked 
|  97|0x000000070c200000, 0x000000070c200000, 0x000000070c400000|  0%| F|  |TAMS 0x000000070c200000, 0x000000070c200000| Untracked 
|  98|0x000000070c400000, 0x000000070c400000, 0x000000070c600000|  0%| F|  |TAMS 0x000000070c400000, 0x000000070c400000| Untracked 
|  99|0x000000070c600000, 0x000000070c600000, 0x000000070c800000|  0%| F|  |TAMS 0x000000070c600000, 0x000000070c600000| Untracked 
| 100|0x000000070c800000, 0x000000070c800000, 0x000000070ca00000|  0%| F|  |TAMS 0x000000070c800000, 0x000000070c800000| Untracked 
| 101|0x000000070ca00000, 0x000000070ca00000, 0x000000070cc00000|  0%| F|  |TAMS 0x000000070ca00000, 0x000000070ca00000| Untracked 
| 102|0x000000070cc00000, 0x000000070cc00000, 0x000000070ce00000|  0%| F|  |TAMS 0x000000070cc00000, 0x000000070cc00000| Untracked 
| 103|0x000000070ce00000, 0x000000070ce00000, 0x000000070d000000|  0%| F|  |TAMS 0x000000070ce00000, 0x000000070ce00000| Untracked 
| 104|0x000000070d000000, 0x000000070d000000, 0x000000070d200000|  0%| F|  |TAMS 0x000000070d000000, 0x000000070d000000| Untracked 
| 105|0x000000070d200000, 0x000000070d200000, 0x000000070d400000|  0%| F|  |TAMS 0x000000070d200000, 0x000000070d200000| Untracked 
| 106|0x000000070d400000, 0x000000070d400000, 0x000000070d600000|  0%| F|  |TAMS 0x000000070d400000, 0x000000070d400000| Untracked 
| 107|0x000000070d600000, 0x000000070d600000, 0x000000070d800000|  0%| F|  |TAMS 0x000000070d600000, 0x000000070d600000| Untracked 
| 108|0x000000070d800000, 0x000000070d800000, 0x000000070da00000|  0%| F|  |TAMS 0x000000070d800000, 0x000000070d800000| Untracked 
| 109|0x000000070da00000, 0x000000070da00000, 0x000000070dc00000|  0%| F|  |TAMS 0x000000070da00000, 0x000000070da00000| Untracked 
| 110|0x000000070dc00000, 0x000000070dc00000, 0x000000070de00000|  0%| F|  |TAMS 0x000000070dc00000, 0x000000070dc00000| Untracked 
| 111|0x000000070de00000, 0x000000070de00000, 0x000000070e000000|  0%| F|  |TAMS 0x000000070de00000, 0x000000070de00000| Untracked 
| 112|0x000000070e000000, 0x000000070e000000, 0x000000070e200000|  0%| F|  |TAMS 0x000000070e000000, 0x000000070e000000| Untracked 
| 113|0x000000070e200000, 0x000000070e200000, 0x000000070e400000|  0%| F|  |TAMS 0x000000070e200000, 0x000000070e200000| Untracked 
| 114|0x000000070e400000, 0x000000070e400000, 0x000000070e600000|  0%| F|  |TAMS 0x000000070e400000, 0x000000070e400000| Untracked 
| 115|0x000000070e600000, 0x000000070e600000, 0x000000070e800000|  0%| F|  |TAMS 0x000000070e600000, 0x000000070e600000| Untracked 
| 116|0x000000070e800000, 0x000000070e800000, 0x000000070ea00000|  0%| F|  |TAMS 0x000000070e800000, 0x000000070e800000| Untracked 
| 117|0x000000070ea00000, 0x000000070ea00000, 0x000000070ec00000|  0%| F|  |TAMS 0x000000070ea00000, 0x000000070ea00000| Untracked 
| 118|0x000000070ec00000, 0x000000070ec00000, 0x000000070ee00000|  0%| F|  |TAMS 0x000000070ec00000, 0x000000070ec00000| Untracked 
| 119|0x000000070ee00000, 0x000000070ee00000, 0x000000070f000000|  0%| F|  |TAMS 0x000000070ee00000, 0x000000070ee00000| Untracked 
| 120|0x000000070f000000, 0x000000070f000000, 0x000000070f200000|  0%| F|  |TAMS 0x000000070f000000, 0x000000070f000000| Untracked 
| 121|0x000000070f200000, 0x000000070f200000, 0x000000070f400000|  0%| F|  |TAMS 0x000000070f200000, 0x000000070f200000| Untracked 
| 122|0x000000070f400000, 0x000000070f400000, 0x000000070f600000|  0%| F|  |TAMS 0x000000070f400000, 0x000000070f400000| Untracked 
| 123|0x000000070f600000, 0x000000070f600000, 0x000000070f800000|  0%| F|  |TAMS 0x000000070f600000, 0x000000070f600000| Untracked 
| 124|0x000000070f800000, 0x000000070f9d9b98, 0x000000070fa00000| 92%| E|  |TAMS 0x000000070f800000, 0x000000070f800000| Complete 
| 125|0x000000070fa00000, 0x000000070fc00000, 0x000000070fc00000|100%| E|CS|TAMS 0x000000070fa00000, 0x000000070fa00000| Complete 
| 126|0x000000070fc00000, 0x000000070fe00000, 0x000000070fe00000|100%| E|CS|TAMS 0x000000070fc00000, 0x000000070fc00000| Complete 
| 127|0x000000070fe00000, 0x0000000710000000, 0x0000000710000000|100%| E|CS|TAMS 0x000000070fe00000, 0x000000070fe00000| Complete 
|2046|0x00000007ffc00000, 0x00000007ffd76000, 0x00000007ffe00000| 73%|OA|  |TAMS 0x00000007ffc00000, 0x00000007ffc00000| Untracked 
|2047|0x00000007ffe00000, 0x00000007ffe7f000, 0x0000000800000000| 24%|CA|  |TAMS 0x00000007ffe00000, 0x00000007ffe00000| Untracked 

Card table byte_map: [0x0000000119bbd000,0x000000011a3bd000] _byte_map_base: 0x00000001163bd000

Marking Bits (Prev, Next): (CMBitMap*) 0x00007fc823809210, (CMBitMap*) 0x00007fc823809250
 Prev Bits: [0x000000011abbd000, 0x000000011ebbd000)
 Next Bits: [0x000000011ebbd000, 0x0000000122bbd000)

Polling page: 0x0000000100e5e000

Metaspace:

Usage:
  Non-class:      2.98 MB used.
      Class:    254.93 KB used.
       Both:      3.23 MB used.

Virtual space:
  Non-class space:       64.00 MB reserved,       3.00 MB (  5%) committed,  1 nodes.
      Class space:        1.00 GB reserved,     320.00 KB ( <1%) committed,  1 nodes.
             Both:        1.06 GB reserved,       3.31 MB ( <1%) committed. 

Chunk freelists:
   Non-Class:  10.88 MB
       Class:  15.64 MB
        Both:  26.51 MB

MaxMetaspaceSize: unlimited
CompressedClassSpaceSize: 1.00 GB
Initial GC threshold: 21.00 MB
Current GC threshold: 21.00 MB
CDS: on
MetaspaceReclaimPolicy: balanced
 - commit_granule_bytes: 65536.
 - commit_granule_words: 8192.
 - virtual_space_node_default_size: 8388608.
 - enlarge_chunks_in_place: 1.
 - new_chunks_are_fully_committed: 0.
 - uncommit_free_chunks: 1.
 - use_allocation_guard: 0.
 - handle_deallocations: 1.


Internal statistics:

num_allocs_failed_limit: 0.
num_arena_births: 48.
num_arena_deaths: 0.
num_vsnodes_births: 2.
num_vsnodes_deaths: 0.
num_space_committed: 51.
num_space_uncommitted: 0.
num_chunks_returned_to_freelist: 0.
num_chunks_taken_from_freelist: 101.
num_chunk_merges: 0.
num_chunk_splits: 68.
num_chunks_enlarged: 41.
num_inconsistent_stats: 0.

CodeHeap 'non-profiled nmethods': size=120028Kb used=187Kb max_used=187Kb free=119840Kb
 bounds [0x0000000112686000, 0x00000001128f6000, 0x0000000119bbd000]
CodeHeap 'profiled nmethods': size=120028Kb used=954Kb max_used=954Kb free=119073Kb
 bounds [0x000000010abbd000, 0x000000010ae2d000, 0x00000001120f4000]
CodeHeap 'non-nmethods': size=5704Kb used=1178Kb max_used=1193Kb free=4525Kb
 bounds [0x00000001120f4000, 0x0000000112364000, 0x0000000112686000]
 total_blobs=1151 nmethods=670 adapters=395
 compilation: enabled
              stopped_count=0, restarted_count=0
 full_count=0

Compilation events (20 events):
Event: 0.670 Thread 0x00007fc823034e00  656       4       java.nio.Buffer::position (52 bytes)
Event: 0.670 Thread 0x00007fc823034e00 nmethod 656 0x00000001126b3790 code [0x00000001126b3920, 0x00000001126b39f8]
Event: 0.670 Thread 0x00007fc823034e00  566       4       java.util.HashMap$Node::<init> (26 bytes)
Event: 0.672 Thread 0x00007fc823034e00 nmethod 566 0x00000001126b3b10 code [0x00000001126b3c80, 0x00000001126b3ff8]
Event: 0.672 Thread 0x00007fc823034e00  647       4       java.io.OutputStream::flush (1 bytes)
Event: 0.672 Thread 0x00007fc823034e00 nmethod 647 0x00000001126b4090 code [0x00000001126b4200, 0x00000001126b4278]
Event: 0.681 Thread 0x00007fc823035400  664       3       noise.SimplexNoise_octave::fastfloor (18 bytes)
Event: 0.681 Thread 0x00007fc823035400 nmethod 664 0x000000010aca8e10 code [0x000000010aca8fa0, 0x000000010aca9110]
Event: 0.681 Thread 0x00007fc823035400  665       3       noise.SimplexNoise_octave::noise (791 bytes)
Event: 0.682 Thread 0x00007fc823035400 nmethod 665 0x000000010aca9190 code [0x000000010aca9500, 0x000000010acaa360]
Event: 0.682 Thread 0x00007fc823035400  667       3       noise.SimplexNoise::getNoise (87 bytes)
Event: 0.682 Thread 0x00007fc823034e00  668       4       noise.SimplexNoise_octave::fastfloor (18 bytes)
Event: 0.682 Thread 0x00007fc823035400 nmethod 667 0x000000010acaac90 code [0x000000010acaae80, 0x000000010acab1a0]
Event: 0.682 Thread 0x00007fc823035400  666       3       noise.SimplexNoise_octave::dot (22 bytes)
Event: 0.682 Thread 0x00007fc823035400 nmethod 666 0x000000010acab310 code [0x000000010acab4a0, 0x000000010acab5b0]
Event: 0.682 Thread 0x00007fc823034e00 nmethod 668 0x00000001126b4390 code [0x00000001126b4520, 0x00000001126b45d8]
Event: 0.682 Thread 0x00007fc823034e00  669       4       noise.SimplexNoise_octave::dot (22 bytes)
Event: 0.682 Thread 0x00007fc823035400  670       3       java.util.concurrent.ConcurrentHashMap$BaseIterator::hasNext (13 bytes)
Event: 0.682 Thread 0x00007fc823035400 nmethod 670 0x000000010acab690 code [0x000000010acab820, 0x000000010acab990]
Event: 0.682 Thread 0x00007fc823034e00 nmethod 669 0x00000001126b4b10 code [0x00000001126b4c80, 0x00000001126b4cf8]

GC Heap History (0 events):
No events

Dll operation events (11 events):
Event: 0.007 Loaded shared library /Library/Java/JavaVirtualMachines/temurin-17.jdk/Contents/Home/lib/libjava.dylib
Event: 0.041 Loaded shared library /Library/Java/JavaVirtualMachines/temurin-17.jdk/Contents/Home/lib/libnio.dylib
Event: 0.093 Loaded shared library /Library/Java/JavaVirtualMachines/temurin-17.jdk/Contents/Home/lib/libzip.dylib
Event: 0.101 Loaded shared library /Library/Java/JavaVirtualMachines/temurin-17.jdk/Contents/Home/lib/libverify.dylib
Event: 0.144 Loaded shared library /Library/Java/JavaVirtualMachines/temurin-17.jdk/Contents/Home/lib/libjimage.dylib
Event: 0.147 Loaded shared library /Library/Java/JavaVirtualMachines/temurin-17.jdk/Contents/Home/lib/libawt.dylib
Event: 0.152 Loaded shared library /Library/Java/JavaVirtualMachines/temurin-17.jdk/Contents/Home/lib/libawt_lwawt.dylib
Event: 0.193 Loaded shared library /Library/Java/JavaVirtualMachines/temurin-17.jdk/Contents/Home/lib/libfontmanager.dylib
Event: 0.445 Loading shared library /Library/Java/JavaVirtualMachines/temurin-17.jdk/Contents/Home/lib/liblwjgl.dylib failed, dlopen(/Library/Java/JavaVirtualMachines/temurin-17.jdk/Contents/Home/lib/liblwjgl.dylib, 0x0001): tried: '/Library/Java/JavaVirtualMachines/t
Event: 0.445 Loading shared library /Library/Java/JavaVirtualMachines/temurin-17.jdk/Contents/Home/lib/liblwjgl.jnilib failed, dlopen(/Library/Java/JavaVirtualMachines/temurin-17.jdk/Contents/Home/lib/liblwjgl.jnilib, 0x0001): tried: '/Library/Java/JavaVirtualMachines
Event: 0.449 Loaded shared library /Users/lukekimes/cs4450/lwjgl-2.9.2/native/macosx/liblwjgl.dylib

Deoptimization events (20 events):
Event: 0.646 Thread 0x00007fc823013a00 DEOPT PACKING pc=0x000000010ac80cb3 sp=0x000070000a1f2270
Event: 0.646 Thread 0x00007fc823013a00 DEOPT UNPACKING pc=0x000000011214ae2f sp=0x000070000a1f1718 mode 0
Event: 0.646 Thread 0x00007fc823013a00 DEOPT PACKING pc=0x000000010ac80cb3 sp=0x000070000a1f2270
Event: 0.646 Thread 0x00007fc823013a00 DEOPT UNPACKING pc=0x000000011214ae2f sp=0x000070000a1f1718 mode 0
Event: 0.646 Thread 0x00007fc823013a00 DEOPT PACKING pc=0x000000010ac80cb3 sp=0x000070000a1f2270
Event: 0.646 Thread 0x00007fc823013a00 DEOPT UNPACKING pc=0x000000011214ae2f sp=0x000070000a1f1718 mode 0
Event: 0.646 Thread 0x00007fc823013a00 DEOPT PACKING pc=0x000000010ac80cb3 sp=0x000070000a1f2270
Event: 0.646 Thread 0x00007fc823013a00 DEOPT UNPACKING pc=0x000000011214ae2f sp=0x000070000a1f1718 mode 0
Event: 0.646 Thread 0x00007fc823013a00 DEOPT PACKING pc=0x000000010ac80cb3 sp=0x000070000a1f2270
Event: 0.646 Thread 0x00007fc823013a00 DEOPT UNPACKING pc=0x000000011214ae2f sp=0x000070000a1f1718 mode 0
Event: 0.646 Thread 0x00007fc823013a00 DEOPT PACKING pc=0x000000010ac82001 sp=0x000070000a1f2260
Event: 0.646 Thread 0x00007fc823013a00 DEOPT UNPACKING pc=0x000000011214ae2f sp=0x000070000a1f16e0 mode 0
Event: 0.646 Thread 0x00007fc823013a00 DEOPT PACKING pc=0x000000010ac80cb3 sp=0x000070000a1f2270
Event: 0.646 Thread 0x00007fc823013a00 DEOPT UNPACKING pc=0x000000011214ae2f sp=0x000070000a1f1718 mode 0
Event: 0.646 Thread 0x00007fc823013a00 DEOPT PACKING pc=0x000000010ac80cb3 sp=0x000070000a1f2270
Event: 0.646 Thread 0x00007fc823013a00 DEOPT UNPACKING pc=0x000000011214ae2f sp=0x000070000a1f1718 mode 0
Event: 0.646 Thread 0x00007fc823013a00 DEOPT PACKING pc=0x000000010ac80cb3 sp=0x000070000a1f2270
Event: 0.646 Thread 0x00007fc823013a00 DEOPT UNPACKING pc=0x000000011214ae2f sp=0x000070000a1f1718 mode 0
Event: 0.646 Thread 0x00007fc823013a00 DEOPT PACKING pc=0x000000010ac82001 sp=0x000070000a1f2260
Event: 0.646 Thread 0x00007fc823013a00 DEOPT UNPACKING pc=0x000000011214ae2f sp=0x000070000a1f16e0 mode 0

Classes unloaded (0 events):
No events

Classes redefined (0 events):
No events

Internal exceptions (7 events):
Event: 0.072 Thread 0x00007fc823013a00 Exception <a 'sun/nio/fs/UnixException'{0x000000070fe6df98}> (0x000000070fe6df98) 
thrown [src/hotspot/share/prims/jni.cpp, line 516]
Event: 0.072 Thread 0x00007fc823013a00 Exception <a 'sun/nio/fs/UnixException'{0x000000070fe6e740}> (0x000000070fe6e740) 
thrown [src/hotspot/share/prims/jni.cpp, line 516]
Event: 0.135 Thread 0x00007fc823013a00 Exception <a 'java/lang/ClassNotFoundException'{0x000000070fc59e80}: sun/awt/resources/spi/awtProvider> (0x000000070fc59e80) 
thrown [src/hotspot/share/classfile/systemDictionary.cpp, line 256]
Event: 0.170 Thread 0x00007fc823013a00 Exception <a 'java/io/FileNotFoundException'{0x000000070fca9710}> (0x000000070fca9710) 
thrown [src/hotspot/share/prims/jni.cpp, line 516]
Event: 0.186 Thread 0x00007fc823013a00 Exception <a 'java/io/FileNotFoundException'{0x000000070fcd6420}> (0x000000070fcd6420) 
thrown [src/hotspot/share/prims/jni.cpp, line 516]
Event: 0.187 Thread 0x00007fc823013a00 Exception <a 'java/lang/NoSuchMethodError'{0x000000070fcd77e8}: 'java.lang.Object java.lang.invoke.DirectMethodHandle$Holder.invokeStaticInit(java.lang.Object)'> (0x000000070fcd77e8) 
thrown [src/hotspot/share/interpreter/linkResolver.cpp, line 759]
Event: 0.191 Thread 0x00007fc823013a00 Exception <a 'java/lang/ClassNotFoundException'{0x000000070fcddb80}: sun/awt/resources/spi/awtosxProvider> (0x000000070fcddb80) 
thrown [src/hotspot/share/classfile/systemDictionary.cpp, line 256]

VM Operations (4 events):
Event: 0.074 Executing VM operation: HandshakeAllThreads
Event: 0.074 Executing VM operation: HandshakeAllThreads done
Event: 0.597 Executing VM operation: HandshakeAllThreads
Event: 0.597 Executing VM operation: HandshakeAllThreads done

Events (20 events):
Event: 0.601 loading class java/awt/color/ICC_ProfileGray
Event: 0.601 loading class java/awt/color/ICC_ProfileGray done
Event: 0.601 loading class java/awt/image/DataBuffer
Event: 0.601 loading class java/awt/image/DataBuffer done
Event: 0.601 loading class java/awt/image/DataBuffer$1
Event: 0.601 loading class sun/awt/image/SunWritableRaster$DataStealer
Event: 0.601 loading class sun/awt/image/SunWritableRaster$DataStealer done
Event: 0.601 loading class java/awt/image/DataBuffer$1 done
Event: 0.601 loading class sun/awt/image/SunWritableRaster
Event: 0.601 loading class java/awt/image/WritableRaster
Event: 0.601 loading class java/awt/image/Raster
Event: 0.602 loading class java/awt/image/Raster done
Event: 0.602 loading class java/awt/image/WritableRaster done
Event: 0.602 loading class sun/awt/image/SunWritableRaster done
Event: 0.603 loading class java/util/zip/DataFormatException
Event: 0.603 loading class java/util/zip/DataFormatException done
Event: 0.603 loading class java/io/EOFException
Event: 0.603 loading class java/io/EOFException done
Event: 0.668 loading class java/lang/StrictMath
Event: 0.668 loading class java/lang/StrictMath done


Dynamic libraries:
0x0000000100e60000 	/Library/Java/JavaVirtualMachines/temurin-17.jdk/Contents/Home/lib/libjli.dylib
0x00007ff8250c6000 	/usr/lib/libz.1.dylib
0x00007ff8251ae000 	/usr/lib/libSystem.B.dylib
0x00007ff8251a8000 	/usr/lib/system/libcache.dylib
0x00007ff82515f000 	/usr/lib/system/libcommonCrypto.dylib
0x00007ff82518c000 	/usr/lib/system/libcompiler_rt.dylib
0x00007ff82517e000 	/usr/lib/system/libcopyfile.dylib
0x00007ff8190dd000 	/usr/lib/system/libcorecrypto.dylib
0x00007ff8191a1000 	/usr/lib/system/libdispatch.dylib
0x00007ff81934b000 	/usr/lib/system/libdyld.dylib
0x00007ff82519e000 	/usr/lib/system/libkeymgr.dylib
0x00007ff82513e000 	/usr/lib/system/libmacho.dylib
0x00007ff82464d000 	/usr/lib/system/libquarantine.dylib
0x00007ff82519c000 	/usr/lib/system/libremovefile.dylib
0x00007ff81df88000 	/usr/lib/system/libsystem_asl.dylib
0x00007ff81907e000 	/usr/lib/system/libsystem_blocks.dylib
0x00007ff8191ec000 	/usr/lib/system/libsystem_c.dylib
0x00007ff825194000 	/usr/lib/system/libsystem_collections.dylib
0x00007ff8238f4000 	/usr/lib/system/libsystem_configuration.dylib
0x00007ff82299c000 	/usr/lib/system/libsystem_containermanager.dylib
0x00007ff824df9000 	/usr/lib/system/libsystem_coreservices.dylib
0x00007ff81bfd9000 	/usr/lib/system/libsystem_darwin.dylib
0x00007ff82519f000 	/usr/lib/system/libsystem_dnssd.dylib
0x00007ff8191e9000 	/usr/lib/system/libsystem_featureflags.dylib
0x00007ff819379000 	/usr/lib/system/libsystem_info.dylib
0x00007ff8250d9000 	/usr/lib/system/libsystem_m.dylib
0x00007ff819174000 	/usr/lib/system/libsystem_malloc.dylib
0x00007ff81df0b000 	/usr/lib/system/libsystem_networkextension.dylib
0x00007ff81c41b000 	/usr/lib/system/libsystem_notify.dylib
0x00007ff8238f8000 	/usr/lib/system/libsystem_sandbox.dylib
0x00007ff825199000 	/usr/lib/system/libsystem_secinit.dylib
0x00007ff819305000 	/usr/lib/system/libsystem_kernel.dylib
0x00007ff81936f000 	/usr/lib/system/libsystem_platform.dylib
0x00007ff81933f000 	/usr/lib/system/libsystem_pthread.dylib
0x00007ff81f8dc000 	/usr/lib/system/libsystem_symptoms.dylib
0x00007ff8190c3000 	/usr/lib/system/libsystem_trace.dylib
0x00007ff82516b000 	/usr/lib/system/libunwind.dylib
0x00007ff819082000 	/usr/lib/system/libxpc.dylib
0x00007ff8192f0000 	/usr/lib/libc++abi.dylib
0x00007ff818fa9000 	/usr/lib/libobjc.A.dylib
0x00007ff825176000 	/usr/lib/liboah.dylib
0x00007ff819274000 	/usr/lib/libc++.1.dylib
0x00007ff83261b000 	/System/Library/Frameworks/Cocoa.framework/Versions/A/Cocoa
0x00007ff81c47d000 	/System/Library/Frameworks/AppKit.framework/Versions/C/AppKit
0x00007ff81f08c000 	/System/Library/Frameworks/CoreData.framework/Versions/A/CoreData
0x00007ff81a24c000 	/System/Library/Frameworks/Foundation.framework/Versions/C/Foundation
0x00007ff81d485000 	/System/Library/PrivateFrameworks/UIFoundation.framework/Versions/A/UIFoundation
0x00007ffb1f950000 	/System/Library/PrivateFrameworks/CollectionViewCore.framework/Versions/A/CollectionViewCore
0x00007ff82c52e000 	/System/Library/PrivateFrameworks/RemoteViewServices.framework/Versions/A/RemoteViewServices
0x00007ff82317d000 	/System/Library/PrivateFrameworks/XCTTargetBootstrap.framework/Versions/A/XCTTargetBootstrap
0x00007ff82800b000 	/System/Library/PrivateFrameworks/InternationalSupport.framework/Versions/A/InternationalSupport
0x00007ff828094000 	/System/Library/PrivateFrameworks/UserActivity.framework/Versions/A/UserActivity
0x00007ffb368c5000 	/System/Library/PrivateFrameworks/WindowManagement.framework/Versions/A/WindowManagement
0x00007ff819f3b000 	/System/Library/Frameworks/SystemConfiguration.framework/Versions/A/SystemConfiguration
0x00007ff8273e3000 	/usr/lib/libspindump.dylib
0x00007ff81d653000 	/System/Library/Frameworks/UniformTypeIdentifiers.framework/Versions/A/UniformTypeIdentifiers
0x00007ff821339000 	/usr/lib/libapp_launch_measurement.dylib
0x00007ff82051a000 	/System/Library/PrivateFrameworks/CoreAnalytics.framework/Versions/A/CoreAnalytics
0x00007ff82133c000 	/System/Library/PrivateFrameworks/CoreAutoLayout.framework/Versions/A/CoreAutoLayout
0x00007ff8229ea000 	/System/Library/Frameworks/Metal.framework/Versions/A/Metal
0x00007ff823903000 	/usr/lib/liblangid.dylib
0x00007ff823182000 	/System/Library/PrivateFrameworks/CoreSVG.framework/Versions/A/CoreSVG
0x00007ff81dfba000 	/System/Library/PrivateFrameworks/SkyLight.framework/Versions/A/SkyLight
0x00007ff81e3ad000 	/System/Library/Frameworks/CoreGraphics.framework/Versions/A/CoreGraphics
0x00007ff82cc14000 	/System/Library/Frameworks/Accelerate.framework/Versions/A/Accelerate
0x00007ff826e54000 	/System/Library/PrivateFrameworks/IconServices.framework/Versions/A/IconServices
0x00007ff8229cb000 	/System/Library/Frameworks/IOSurface.framework/Versions/A/IOSurface
0x00007ff820545000 	/usr/lib/libDiagnosticMessagesClient.dylib
0x00007ff8302db000 	/System/Library/Frameworks/ApplicationServices.framework/Versions/A/ApplicationServices
0x00007ff823169000 	/System/Library/PrivateFrameworks/DFRFoundation.framework/Versions/A/DFRFoundation
0x00007ff81bd48000 	/usr/lib/libicucore.A.dylib
0x00007ff828eaa000 	/System/Library/Frameworks/AudioToolbox.framework/Versions/A/AudioToolbox
0x00007ff828016000 	/System/Library/PrivateFrameworks/DataDetectorsCore.framework/Versions/A/DataDetectorsCore
0x00007ff920d5a000 	/System/Library/PrivateFrameworks/TextInput.framework/Versions/A/TextInput
0x00007ff81df23000 	/usr/lib/libMobileGestalt.dylib
0x00007ff822e71000 	/System/Library/Frameworks/Carbon.framework/Versions/A/Frameworks/HIToolbox.framework/Versions/A/HIToolbox
0x00007ff820cc6000 	/System/Library/Frameworks/QuartzCore.framework/Versions/A/QuartzCore
0x00007ff81b9b6000 	/System/Library/Frameworks/Security.framework/Versions/A/Security
0x00007ff82c566000 	/System/Library/Frameworks/Carbon.framework/Versions/A/Frameworks/SpeechRecognition.framework/Versions/A/SpeechRecognition
0x00007ff821078000 	/System/Library/PrivateFrameworks/CoreUI.framework/Versions/A/CoreUI
0x00007ff81b304000 	/System/Library/Frameworks/CoreAudio.framework/Versions/A/CoreAudio
0x00007ff82061e000 	/System/Library/Frameworks/DiskArbitration.framework/Versions/A/DiskArbitration
0x00007ff827805000 	/System/Library/PrivateFrameworks/MultitouchSupport.framework/Versions/A/MultitouchSupport
0x00007ff81df22000 	/usr/lib/libenergytrace.dylib
0x00007ff81c35d000 	/System/Library/Frameworks/IOKit.framework/Versions/A/IOKit
0x00007ff82c963000 	/System/Library/Frameworks/CoreServices.framework/Versions/A/CoreServices
0x00007ff8212d1000 	/System/Library/PrivateFrameworks/PerformanceAnalysis.framework/Versions/A/PerformanceAnalysis
0x00007ffa32c6b000 	/System/Library/Frameworks/OpenGL.framework/Versions/A/OpenGL
0x00007ff821384000 	/usr/lib/libxml2.2.dylib
0x00007ff82455f000 	/System/Library/PrivateFrameworks/MobileKeyBag.framework/Versions/A/MobileKeyBag
0x00007ff81eac2000 	/System/Library/Frameworks/ColorSync.framework/Versions/A/ColorSync
0x00007ff8193a4000 	/System/Library/Frameworks/CoreFoundation.framework/Versions/A/CoreFoundation
0x00007ff8234cf000 	/System/Library/Frameworks/CoreImage.framework/Versions/A/CoreImage
0x00007ff81b112000 	/System/Library/Frameworks/CoreText.framework/Versions/A/CoreText
0x00007ff8231b9000 	/System/Library/Frameworks/ImageIO.framework/Versions/A/ImageIO
0x00007ff8251b4000 	/System/Library/PrivateFrameworks/SoftLinking.framework/Versions/A/SoftLinking
0x00007ff825436000 	/usr/lib/libcompression.dylib
0x00007ff827f44000 	/System/Library/PrivateFrameworks/TextureIO.framework/Versions/A/TextureIO
0x00007ff826b14000 	/usr/lib/libate.dylib
0x00007ff8268c1000 	/usr/lib/liblzma.5.dylib
0x00007ff8251b0000 	/usr/lib/libfakelink.dylib
0x00007ff81db6b000 	/System/Library/Frameworks/CFNetwork.framework/Versions/A/CFNetwork
0x00007ff8252ed000 	/usr/lib/libarchive.2.dylib
0x00007ff82a7fc000 	/System/Library/Frameworks/Combine.framework/Versions/A/Combine
0x00007ff828946000 	/usr/lib/swift/libswiftCore.dylib
0x00007ff91dd25000 	/usr/lib/swift/libswiftCoreFoundation.dylib
0x00007ff91bde8000 	/usr/lib/swift/libswiftDarwin.dylib
0x00007ff82e1b5000 	/usr/lib/swift/libswiftDispatch.dylib
0x00007ff91dd41000 	/usr/lib/swift/libswiftIOKit.dylib
0x00007ff83071a000 	/usr/lib/swift/libswiftObjectiveC.dylib
0x00007ff91dd36000 	/usr/lib/swift/libswiftXPC.dylib
0x00007ffc1e711000 	/usr/lib/swift/libswift_Concurrency.dylib
0x00007ffc1e84e000 	/usr/lib/swift/libswift_StringProcessing.dylib
0x00007ff83071e000 	/usr/lib/swift/libswiftos.dylib
0x00007ff81c2e0000 	/System/Library/PrivateFrameworks/CoreServicesInternal.framework/Versions/A/CoreServicesInternal
0x00007ff824674000 	/usr/lib/libbsm.0.dylib
0x00007ff825143000 	/usr/lib/system/libkxld.dylib
0x00007ff821305000 	/System/Library/Frameworks/CoreServices.framework/Versions/A/Frameworks/FSEvents.framework/Versions/A/FSEvents
0x00007ff81bfe4000 	/System/Library/Frameworks/CoreServices.framework/Versions/A/Frameworks/CarbonCore.framework/Versions/A/CarbonCore
0x00007ff820588000 	/System/Library/Frameworks/CoreServices.framework/Versions/A/Frameworks/Metadata.framework/Versions/A/Metadata
0x00007ff824dff000 	/System/Library/Frameworks/CoreServices.framework/Versions/A/Frameworks/OSServices.framework/Versions/A/OSServices
0x00007ff825375000 	/System/Library/Frameworks/CoreServices.framework/Versions/A/Frameworks/SearchKit.framework/Versions/A/SearchKit
0x00007ff81f860000 	/System/Library/Frameworks/CoreServices.framework/Versions/A/Frameworks/AE.framework/Versions/A/AE
0x00007ff819841000 	/System/Library/Frameworks/CoreServices.framework/Versions/A/Frameworks/LaunchServices.framework/Versions/A/LaunchServices
0x00007ff826872000 	/System/Library/Frameworks/CoreServices.framework/Versions/A/Frameworks/DictionaryServices.framework/Versions/A/DictionaryServices
0x00007ff821312000 	/System/Library/Frameworks/CoreServices.framework/Versions/A/Frameworks/SharedFileList.framework/Versions/A/SharedFileList
0x00007ff8253ff000 	/usr/lib/libapple_nghttp2.dylib
0x00007ff81db67000 	/usr/lib/libnetwork.dylib
0x00007ff81f50b000 	/usr/lib/libsqlite3.dylib
0x00007ff81f8e4000 	/System/Library/Frameworks/Network.framework/Versions/A/Network
0x00007ffc1d67d000 	/usr/lib/libCoreEntitlements.dylib
0x00007ffb293f1000 	/System/Library/PrivateFrameworks/MessageSecurity.framework/Versions/A/MessageSecurity
0x00007ff81f4f2000 	/System/Library/PrivateFrameworks/ProtocolBuffer.framework/Versions/A/ProtocolBuffer
0x00007ff824d1b000 	/System/Library/PrivateFrameworks/AppleFSCompression.framework/Versions/A/AppleFSCompression
0x00007ff82465c000 	/usr/lib/libcoretls.dylib
0x00007ff8268da000 	/usr/lib/libcoretls_cfhelpers.dylib
0x00007ff825430000 	/usr/lib/libpam.2.dylib
0x00007ff82694d000 	/usr/lib/libxar.1.dylib
0x00007ff826e30000 	/usr/lib/libheimdal-asn1.dylib
0x00007ff8251b5000 	/usr/lib/libpcap.A.dylib
0x00007ff81f8d3000 	/usr/lib/libdns_services.dylib
0x00007ff8238ff000 	/System/Library/PrivateFrameworks/AppleSystemInfo.framework/Versions/A/AppleSystemInfo
0x00007ff824366000 	/System/Library/PrivateFrameworks/IOMobileFramebuffer.framework/Versions/A/IOMobileFramebuffer
0x00007ff824dea000 	/usr/lib/libbz2.1.0.dylib
0x00007ff824650000 	/usr/lib/libCheckFix.dylib
0x00007ff81df9f000 	/System/Library/PrivateFrameworks/TCC.framework/Versions/A/TCC
0x00007ff823905000 	/System/Library/PrivateFrameworks/CoreNLP.framework/Versions/A/CoreNLP
0x00007ff820547000 	/System/Library/PrivateFrameworks/MetadataUtilities.framework/Versions/A/MetadataUtilities
0x00007ff824685000 	/usr/lib/libmecab.dylib
0x00007ff819fbb000 	/usr/lib/libCRFSuite.dylib
0x00007ff8246de000 	/usr/lib/libgermantok.dylib
0x00007ff8253db000 	/usr/lib/libThaiTokenizer.dylib
0x00007ff820626000 	/System/Library/Frameworks/Accelerate.framework/Versions/A/Frameworks/vImage.framework/Versions/A/vImage
0x00007ff82c936000 	/System/Library/Frameworks/Accelerate.framework/Versions/A/Frameworks/vecLib.framework/Versions/A/vecLib
0x00007ff82698f000 	/System/Library/Frameworks/Accelerate.framework/Versions/A/Frameworks/vecLib.framework/Versions/A/libvMisc.dylib
0x00007ff82417b000 	/System/Library/Frameworks/Accelerate.framework/Versions/A/Frameworks/vecLib.framework/Versions/A/libvDSP.dylib
0x00007ff819bff000 	/System/Library/Frameworks/Accelerate.framework/Versions/A/Frameworks/vecLib.framework/Versions/A/libBLAS.dylib
0x00007ff825514000 	/System/Library/Frameworks/Accelerate.framework/Versions/A/Frameworks/vecLib.framework/Versions/A/libLAPACK.dylib
0x00007ff8246e1000 	/System/Library/Frameworks/Accelerate.framework/Versions/A/Frameworks/vecLib.framework/Versions/A/libLinearAlgebra.dylib
0x00007ff82541a000 	/System/Library/Frameworks/Accelerate.framework/Versions/A/Frameworks/vecLib.framework/Versions/A/libSparseBLAS.dylib
0x00007ff82550e000 	/System/Library/Frameworks/Accelerate.framework/Versions/A/Frameworks/vecLib.framework/Versions/A/libQuadrature.dylib
0x00007ff8239eb000 	/System/Library/Frameworks/Accelerate.framework/Versions/A/Frameworks/vecLib.framework/Versions/A/libBNNS.dylib
0x00007ff819ec4000 	/System/Library/Frameworks/Accelerate.framework/Versions/A/Frameworks/vecLib.framework/Versions/A/libSparse.dylib
0x00007ffb2862b000 	/System/Library/PrivateFrameworks/MIL.framework/Versions/A/MIL
0x00007ff8251ea000 	/usr/lib/libiconv.2.dylib
0x00007ff82513d000 	/usr/lib/libcharset.1.dylib
0x00007ff8212e9000 	/System/Library/Frameworks/OpenDirectory.framework/Versions/A/Frameworks/CFOpenDirectory.framework/Versions/A/CFOpenDirectory
0x00007ff8212dd000 	/System/Library/Frameworks/OpenDirectory.framework/Versions/A/OpenDirectory
0x00007ff8268dc000 	/System/Library/PrivateFrameworks/APFS.framework/Versions/A/APFS
0x00007ff824592000 	/System/Library/Frameworks/SecurityFoundation.framework/Versions/A/SecurityFoundation
0x00007ff82695b000 	/usr/lib/libutil.dylib
0x00007ffb275a2000 	/System/Library/PrivateFrameworks/InstalledContentLibrary.framework/Versions/A/InstalledContentLibrary
0x00007ff81c320000 	/System/Library/PrivateFrameworks/CoreServicesStore.framework/Versions/A/CoreServicesStore
0x00007ffb1e4f0000 	/System/Library/PrivateFrameworks/AppleMobileFileIntegrity.framework/Versions/A/AppleMobileFileIntegrity
0x00007ff91dd07000 	/usr/lib/libmis.dylib
0x00007ff92c5dc000 	/System/Library/PrivateFrameworks/MobileSystemServices.framework/Versions/A/MobileSystemServices
0x00007ffa2830a000 	/System/Library/PrivateFrameworks/ConfigProfileHelper.framework/Versions/A/ConfigProfileHelper
0x00007ff8253dd000 	/System/Library/PrivateFrameworks/AppleSauce.framework/Versions/A/AppleSauce
0x00007ff81abd5000 	/System/Library/PrivateFrameworks/LanguageModeling.framework/Versions/A/LanguageModeling
0x00007ff82695f000 	/usr/lib/libxslt.1.dylib
0x00007ff8252dc000 	/usr/lib/libcmph.dylib
0x00007ff824353000 	/System/Library/PrivateFrameworks/CoreEmoji.framework/Versions/A/CoreEmoji
0x00007ff8239e6000 	/System/Library/PrivateFrameworks/LinguisticData.framework/Versions/A/LinguisticData
0x00007ff819e7b000 	/System/Library/PrivateFrameworks/Lexicon.framework/Versions/A/Lexicon
0x00007ff824620000 	/System/Library/PrivateFrameworks/BackgroundTaskManagement.framework/Versions/A/BackgroundTaskManagement
0x00007ffc1d7bf000 	/usr/lib/libTLE.dylib
0x00007ffc1e797000 	/usr/lib/swift/libswift_RegexParser.dylib
0x00007ff8276c9000 	/System/Library/PrivateFrameworks/AppleJPEG.framework/Versions/A/AppleJPEG
0x00007ff826e15000 	/usr/lib/libexpat.1.dylib
0x00007ff827d9f000 	/System/Library/Frameworks/ImageIO.framework/Versions/A/Resources/libPng.dylib
0x00007ff827dcc000 	/System/Library/Frameworks/ImageIO.framework/Versions/A/Resources/libTIFF.dylib
0x00007ff827ebe000 	/System/Library/Frameworks/ImageIO.framework/Versions/A/Resources/libGIF.dylib
0x00007ff827714000 	/System/Library/Frameworks/ImageIO.framework/Versions/A/Resources/libJP2.dylib
0x00007ff827e5e000 	/System/Library/Frameworks/ImageIO.framework/Versions/A/Resources/libJPEG.dylib
0x00007ff827e55000 	/System/Library/Frameworks/ImageIO.framework/Versions/A/Resources/libRadiance.dylib
0x00007ff822d0a000 	/System/Library/PrivateFrameworks/FontServices.framework/libFontParser.dylib
0x00007ff81f805000 	/System/Library/PrivateFrameworks/RunningBoardServices.framework/Versions/A/RunningBoardServices
0x00007ff832cc8000 	/System/Library/PrivateFrameworks/IOSurfaceAccelerator.framework/Versions/A/IOSurfaceAccelerator
0x00007ff827801000 	/System/Library/PrivateFrameworks/WatchdogClient.framework/Versions/A/WatchdogClient
0x00007ff81ad3b000 	/System/Library/Frameworks/CoreDisplay.framework/Versions/A/CoreDisplay
0x00007ff822bf9000 	/System/Library/Frameworks/CoreMedia.framework/Versions/A/CoreMedia
0x00007ff8229e1000 	/System/Library/PrivateFrameworks/IOAccelerator.framework/Versions/A/IOAccelerator
0x00007ff821463000 	/System/Library/Frameworks/CoreVideo.framework/Versions/A/CoreVideo
0x00007ff82542e000 	/System/Library/Frameworks/MetalPerformanceShaders.framework/Versions/A/MetalPerformanceShaders
0x00007ff827840000 	/System/Library/Frameworks/VideoToolbox.framework/Versions/A/VideoToolbox
0x00007ff81f743000 	/System/Library/PrivateFrameworks/BaseBoard.framework/Versions/A/BaseBoard
0x00007ff827e4e000 	/System/Library/PrivateFrameworks/GPUWrangler.framework/Versions/A/GPUWrangler
0x00007ff827e32000 	/System/Library/PrivateFrameworks/IOPresentment.framework/Versions/A/IOPresentment
0x00007ff827e58000 	/System/Library/PrivateFrameworks/DSExternalDisplay.framework/Versions/A/DSExternalDisplay
0x00007ffb23a75000 	/System/Library/PrivateFrameworks/GPUCompiler.framework/Versions/31001/Libraries/libllvm-flatbuffers.dylib
0x00007ffa32c5f000 	/System/Library/Frameworks/OpenGL.framework/Versions/A/Libraries/libCoreFSCache.dylib
0x00007ffb23a71000 	/System/Library/PrivateFrameworks/GPUCompiler.framework/Versions/31001/Libraries/libGPUCompilerUtils.dylib
0x00007ff827ec4000 	/System/Library/PrivateFrameworks/CMCaptureCore.framework/Versions/A/CMCaptureCore
0x00007ffa38745000 	/System/Library/Frameworks/ExtensionFoundation.framework/Versions/A/ExtensionFoundation
0x00007ff82e94d000 	/System/Library/PrivateFrameworks/CoreTime.framework/Versions/A/CoreTime
0x00007ff8273ce000 	/System/Library/PrivateFrameworks/AppServerSupport.framework/Versions/A/AppServerSupport
0x00007ff829760000 	/System/Library/PrivateFrameworks/perfdata.framework/Versions/A/perfdata
0x00007ff81ae67000 	/System/Library/PrivateFrameworks/AudioToolboxCore.framework/Versions/A/AudioToolboxCore
0x00007ff822bd4000 	/System/Library/PrivateFrameworks/caulk.framework/Versions/A/caulk
0x00007ff82903b000 	/usr/lib/libAudioStatistics.dylib
0x00007ff91d1a8000 	/System/Library/PrivateFrameworks/SystemPolicy.framework/Versions/A/SystemPolicy
0x00007ff8292d6000 	/usr/lib/libSMC.dylib
0x00007ff8324b9000 	/System/Library/Frameworks/CoreMIDI.framework/Versions/A/CoreMIDI
0x00007ff827d6d000 	/usr/lib/libAudioToolboxUtility.dylib
0x00007ff837e43000 	/System/Library/PrivateFrameworks/OSAServicesClient.framework/Versions/A/OSAServicesClient
0x00007ff82976d000 	/usr/lib/libperfcheck.dylib
0x00007ff826cf5000 	/System/Library/PrivateFrameworks/PlugInKit.framework/Versions/A/PlugInKit
0x00007ff824585000 	/System/Library/PrivateFrameworks/AssertionServices.framework/Versions/A/AssertionServices
0x00007ffa32cbc000 	/System/Library/Frameworks/OpenGL.framework/Versions/A/Libraries/libGLU.dylib
0x00007ffa32c7e000 	/System/Library/Frameworks/OpenGL.framework/Versions/A/Libraries/libGFXShared.dylib
0x00007ffa32e7d000 	/System/Library/Frameworks/OpenGL.framework/Versions/A/Libraries/libGL.dylib
0x00007ffa32c87000 	/System/Library/Frameworks/OpenGL.framework/Versions/A/Libraries/libGLImage.dylib
0x00007ffa32c7b000 	/System/Library/Frameworks/OpenGL.framework/Versions/A/Libraries/libCVMSPluginSupport.dylib
0x00007ffc1d79e000 	/usr/lib/libRosetta.dylib
0x00007ffa32c66000 	/System/Library/Frameworks/OpenGL.framework/Versions/A/Libraries/libCoreVMClient.dylib
0x00007ff823874000 	/System/Library/Frameworks/MetalPerformanceShaders.framework/Versions/A/Frameworks/MPSCore.framework/Versions/A/MPSCore
0x00007ff824c85000 	/System/Library/Frameworks/MetalPerformanceShaders.framework/Versions/A/Frameworks/MPSImage.framework/Versions/A/MPSImage
0x00007ff8246f7000 	/System/Library/Frameworks/MetalPerformanceShaders.framework/Versions/A/Frameworks/MPSNeuralNetwork.framework/Versions/A/MPSNeuralNetwork
0x00007ff824b68000 	/System/Library/Frameworks/MetalPerformanceShaders.framework/Versions/A/Frameworks/MPSMatrix.framework/Versions/A/MPSMatrix
0x00007ff824924000 	/System/Library/Frameworks/MetalPerformanceShaders.framework/Versions/A/Frameworks/MPSRayIntersector.framework/Versions/A/MPSRayIntersector
0x00007ff824ba4000 	/System/Library/Frameworks/MetalPerformanceShaders.framework/Versions/A/Frameworks/MPSNDArray.framework/Versions/A/MPSNDArray
0x00007ffb19cfd000 	/System/Library/Frameworks/MetalPerformanceShaders.framework/Versions/A/Frameworks/MPSFunctions.framework/Versions/A/MPSFunctions
0x00007ff819abf000 	/System/Library/PrivateFrameworks/MetalTools.framework/Versions/A/MetalTools
0x00007ff8238fe000 	/System/Library/PrivateFrameworks/AggregateDictionary.framework/Versions/A/AggregateDictionary
0x00007ff826bab000 	/usr/lib/libIOReport.dylib
0x00007ffb2bf26000 	/System/Library/PrivateFrameworks/PhotosensitivityProcessing.framework/Versions/A/PhotosensitivityProcessing
0x00007ffa3426e000 	/System/Library/Frameworks/OpenCL.framework/Versions/A/OpenCL
0x00007ff826f5d000 	/System/Library/PrivateFrameworks/GraphVisualizer.framework/Versions/A/GraphVisualizer
0x00007ffb2398a000 	/System/Library/PrivateFrameworks/FontServices.framework/Versions/A/FontServices
0x00007ff827389000 	/System/Library/PrivateFrameworks/OTSVG.framework/Versions/A/OTSVG
0x00007ff82102c000 	/System/Library/Frameworks/ApplicationServices.framework/Versions/A/Frameworks/ATS.framework/Versions/A/Resources/libFontRegistry.dylib
0x00007ff8273d8000 	/System/Library/PrivateFrameworks/FontServices.framework/libhvf.dylib
0x00007ffb2398b000 	/System/Library/PrivateFrameworks/FontServices.framework/libXTFontStaticRegistryData.dylib
0x00007ff928bd9000 	/usr/lib/swift/libswiftMetal.dylib
0x00007ff920cbb000 	/usr/lib/swift/libswiftsimd.dylib
0x00007ffb3560c000 	/System/Library/PrivateFrameworks/VideoToolboxParavirtualizationSupport.framework/Versions/A/VideoToolboxParavirtualizationSupport
0x00007ff826dc5000 	/System/Library/PrivateFrameworks/AppleVA.framework/Versions/A/AppleVA
0x00007ff82907b000 	/System/Library/Frameworks/ApplicationServices.framework/Versions/A/Frameworks/ATS.framework/Versions/A/ATS
0x00007ff81ebb2000 	/System/Library/Frameworks/ApplicationServices.framework/Versions/A/Frameworks/HIServices.framework/Versions/A/HIServices
0x00007ff827ed0000 	/System/Library/Frameworks/ApplicationServices.framework/Versions/A/Frameworks/PrintCore.framework/Versions/A/PrintCore
0x00007ff82942c000 	/System/Library/Frameworks/ApplicationServices.framework/Versions/A/Frameworks/QD.framework/Versions/A/QD
0x00007ff829424000 	/System/Library/Frameworks/ApplicationServices.framework/Versions/A/Frameworks/ColorSyncLegacy.framework/Versions/A/ColorSyncLegacy
0x00007ff82904f000 	/System/Library/Frameworks/ApplicationServices.framework/Versions/A/Frameworks/SpeechSynthesis.framework/Versions/A/SpeechSynthesis
0x00007ff827e8e000 	/System/Library/Frameworks/ApplicationServices.framework/Versions/A/Frameworks/ATSUI.framework/Versions/A/ATSUI
0x00007ff8293b6000 	/usr/lib/libcups.2.dylib
0x00007ff82977c000 	/System/Library/Frameworks/Kerberos.framework/Versions/A/Kerberos
0x00007ff82978b000 	/System/Library/Frameworks/GSS.framework/Versions/A/GSS
0x00007ff8290e9000 	/usr/lib/libresolv.9.dylib
0x00007ff8273e8000 	/System/Library/PrivateFrameworks/Heimdal.framework/Versions/A/Heimdal
0x00007ff83069c000 	/System/Library/Frameworks/Kerberos.framework/Versions/A/Libraries/libHeimdalProxy.dylib
0x00007ff8297d6000 	/System/Library/PrivateFrameworks/CommonAuth.framework/Versions/A/CommonAuth
0x00007ffa379f4000 	/System/Library/Frameworks/AVFAudio.framework/Versions/A/AVFAudio
0x00007ff837e8c000 	/System/Library/PrivateFrameworks/AXCoreUtilities.framework/Versions/A/AXCoreUtilities
0x00007ff828fcd000 	/System/Library/PrivateFrameworks/AudioSession.framework/Versions/A/AudioSession
0x00007ff82a5ce000 	/System/Library/Frameworks/IOBluetooth.framework/Versions/A/IOBluetooth
0x00007ff826ecb000 	/System/Library/PrivateFrameworks/MediaExperience.framework/Versions/A/MediaExperience
0x00007ff828e77000 	/System/Library/PrivateFrameworks/AudioSession.framework/libSessionUtility.dylib
0x00007ff829438000 	/System/Library/PrivateFrameworks/AudioResourceArbitration.framework/Versions/A/AudioResourceArbitration
0x00007ff82d560000 	/System/Library/PrivateFrameworks/PowerLog.framework/Versions/A/PowerLog
0x00007ff82d49e000 	/System/Library/Frameworks/CoreBluetooth.framework/Versions/A/CoreBluetooth
0x00007ff83069d000 	/System/Library/Frameworks/AudioUnit.framework/Versions/A/AudioUnit
0x00007ff8243ef000 	/System/Library/PrivateFrameworks/CoreUtils.framework/Versions/A/CoreUtils
0x00007ffb22458000 	/System/Library/PrivateFrameworks/CoreUtilsExtras.framework/Versions/A/CoreUtilsExtras
0x00007ffb27431000 	/System/Library/PrivateFrameworks/IO80211.framework/Versions/A/IO80211
0x00007ff826e39000 	/System/Library/PrivateFrameworks/IconFoundation.framework/Versions/A/IconFoundation
0x00007ff82c556000 	/System/Library/PrivateFrameworks/SpeechRecognitionCore.framework/Versions/A/SpeechRecognitionCore
0x000000010200d000 	/Library/Java/JavaVirtualMachines/temurin-17.jdk/Contents/Home/lib/server/libjvm.dylib
0x0000000100ede000 	/Library/Java/JavaVirtualMachines/temurin-17.jdk/Contents/Home/lib/libjimage.dylib
0x0000000100f15000 	/Library/Java/JavaVirtualMachines/temurin-17.jdk/Contents/Home/lib/libjava.dylib
0x000000010199b000 	/Library/Java/JavaVirtualMachines/temurin-17.jdk/Contents/Home/lib/libnio.dylib
0x00000001019b0000 	/Library/Java/JavaVirtualMachines/temurin-17.jdk/Contents/Home/lib/libnet.dylib
0x00000001019ca000 	/Library/Java/JavaVirtualMachines/temurin-17.jdk/Contents/Home/lib/libzip.dylib
0x00000001019d8000 	/Library/Java/JavaVirtualMachines/temurin-17.jdk/Contents/Home/lib/libverify.dylib
0x0000000101a88000 	/Library/Java/JavaVirtualMachines/temurin-17.jdk/Contents/Home/lib/libawt.dylib
0x0000000101b47000 	/Library/Java/JavaVirtualMachines/temurin-17.jdk/Contents/Home/lib/libmlib_image.dylib
0x00007ffa38d17000 	/System/Library/Frameworks/JavaRuntimeSupport.framework/Versions/A/JavaRuntimeSupport
0x00007ff91cbb5000 	/System/Library/Frameworks/Carbon.framework/Versions/A/Carbon
0x00007ff82e869000 	/System/Library/PrivateFrameworks/CoreSymbolication.framework/Versions/A/CoreSymbolication
0x00007ff834212000 	/System/Library/Frameworks/Carbon.framework/Versions/A/Frameworks/CommonPanels.framework/Versions/A/CommonPanels
0x00007ff82fffd000 	/System/Library/Frameworks/Carbon.framework/Versions/A/Frameworks/Help.framework/Versions/A/Help
0x00007ff834216000 	/System/Library/Frameworks/Carbon.framework/Versions/A/Frameworks/ImageCapture.framework/Versions/A/ImageCapture
0x00007ff8341ee000 	/System/Library/Frameworks/Carbon.framework/Versions/A/Frameworks/OpenScripting.framework/Versions/A/OpenScripting
0x00007ff83420e000 	/System/Library/Frameworks/Carbon.framework/Versions/A/Frameworks/Ink.framework/Versions/A/Ink
0x00007ff91cbb1000 	/System/Library/Frameworks/Carbon.framework/Versions/A/Frameworks/Print.framework/Versions/A/Print
0x00007ff83420a000 	/System/Library/Frameworks/Carbon.framework/Versions/A/Frameworks/SecurityHI.framework/Versions/A/SecurityHI
0x00007ff82e82a000 	/System/Library/PrivateFrameworks/DebugSymbols.framework/Versions/A/DebugSymbols
0x0000000101d0a000 	/Library/Java/JavaVirtualMachines/temurin-17.jdk/Contents/Home/lib/libawt_lwawt.dylib
0x0000000101a10000 	/Library/Java/JavaVirtualMachines/temurin-17.jdk/Contents/Home/lib/libosxapp.dylib
0x00007ff91be5a000 	/System/Library/Frameworks/ExceptionHandling.framework/Versions/A/ExceptionHandling
0x0000000124bbd000 	/Library/Java/JavaVirtualMachines/temurin-17.jdk/Contents/Home/lib/libfontmanager.dylib
0x0000000101e35000 	/Library/Java/JavaVirtualMachines/temurin-17.jdk/Contents/Home/lib/libfreetype.dylib
0x00007ff82db4e000 	/System/Library/Frameworks/FileProvider.framework/Versions/A/FileProvider
0x00007ff81f6ae000 	/System/Library/Frameworks/Accounts.framework/Versions/A/Accounts
0x00007ff8214f2000 	/System/Library/PrivateFrameworks/UserManagement.framework/Versions/A/UserManagement
0x00007ff82dce8000 	/System/Library/PrivateFrameworks/GenerationalStorage.framework/Versions/A/GenerationalStorage
0x00007ff82d555000 	/System/Library/PrivateFrameworks/SymptomDiagnosticReporter.framework/Versions/A/SymptomDiagnosticReporter
0x00007ff81d669000 	/System/Library/PrivateFrameworks/DesktopServicesPriv.framework/Versions/A/DesktopServicesPriv
0x00007ff81c42b000 	/usr/lib/libsandbox.1.dylib
0x00007ff829419000 	/System/Library/PrivateFrameworks/NetAuth.framework/Versions/A/NetAuth
0x00007ff82a44d000 	/System/Library/PrivateFrameworks/Sharing.framework/Versions/A/Sharing
0x00007ff8214b8000 	/System/Library/PrivateFrameworks/login.framework/Versions/A/Frameworks/loginsupport.framework/Versions/A/loginsupport
0x00007ff82fb6b000 	/System/Library/PrivateFrameworks/Apple80211.framework/Versions/A/Apple80211
0x00007ff824e2c000 	/System/Library/PrivateFrameworks/AuthKit.framework/Versions/A/AuthKit
0x00007ff824374000 	/System/Library/Frameworks/CoreWLAN.framework/Versions/A/CoreWLAN
0x00007ff82fb6f000 	/System/Library/PrivateFrameworks/CoreWiFi.framework/Versions/A/CoreWiFi
0x00007ffa21f19000 	/System/Library/PrivateFrameworks/WiFiPeerToPeer.framework/Versions/A/WiFiPeerToPeer
0x00007ff82e3d1000 	/System/Library/PrivateFrameworks/FrontBoardServices.framework/Versions/A/FrontBoardServices
0x00007ff82e46a000 	/System/Library/PrivateFrameworks/BoardServices.framework/Versions/A/BoardServices
0x00007ff82fd0b000 	/System/Library/PrivateFrameworks/BackBoardServices.framework/Versions/A/BackBoardServices
0x00007ff824fa5000 	/System/Library/Frameworks/UserNotifications.framework/Versions/A/UserNotifications
0x00007ff8298cf000 	/System/Library/PrivateFrameworks/CorePhoneNumbers.framework/Versions/A/CorePhoneNumbers
0x00007ff829116000 	/System/Library/PrivateFrameworks/MultiverseSupport.framework/Versions/A/MultiverseSupport
0x00007ff82ff86000 	/System/Library/PrivateFrameworks/RemoteServiceDiscovery.framework/Versions/A/RemoteServiceDiscovery
0x00007ff82d66f000 	/System/Library/PrivateFrameworks/DiskManagement.framework/Versions/A/DiskManagement
0x00007ff82d587000 	/System/Library/PrivateFrameworks/AppleIDAuthSupport.framework/Versions/A/AppleIDAuthSupport
0x00007ffb1cac2000 	/System/Library/PrivateFrameworks/AAAFoundation.framework/Versions/A/AAAFoundation
0x00007ff8298a8000 	/System/Library/PrivateFrameworks/KeychainCircle.framework/Versions/A/KeychainCircle
0x00007ff82ff9a000 	/System/Library/PrivateFrameworks/RemoteXPC.framework/Versions/A/RemoteXPC
0x00007ff82d63b000 	/System/Library/PrivateFrameworks/MediaKit.framework/Versions/A/MediaKit
0x00007ff82d593000 	/System/Library/Frameworks/DiscRecording.framework/Versions/A/DiscRecording
0x00007ff826d39000 	/usr/lib/libCoreStorage.dylib
0x00007ff830005000 	/usr/lib/libcsfde.dylib
0x00007ff82a6a3000 	/System/Library/PrivateFrameworks/ProtectedCloudStorage.framework/Versions/A/ProtectedCloudStorage
0x00007ff830001000 	/System/Library/PrivateFrameworks/EFILogin.framework/Versions/A/EFILogin
0x00007ff82dd0e000 	/System/Library/PrivateFrameworks/OctagonTrust.framework/Versions/A/OctagonTrust
0x00007ff826d31000 	/usr/lib/libMatch.1.dylib
0x00007ff925ba9000 	/System/Library/CoreServices/RawCamera.bundle/Contents/MacOS/RawCamera
0x00007ff8297e6000 	/System/Library/PrivateFrameworks/MobileAsset.framework/Versions/A/MobileAsset
0x00007ff923472000 	/System/Library/PrivateFrameworks/SoftwareUpdateCoreSupport.framework/Versions/A/SoftwareUpdateCoreSupport
0x00007ff9298dc000 	/System/Library/PrivateFrameworks/SoftwareUpdateCoreConnect.framework/Versions/A/SoftwareUpdateCoreConnect
0x00007ff8306c1000 	/System/Library/PrivateFrameworks/StreamingZip.framework/Versions/A/StreamingZip
0x00007ff923134000 	/System/Library/PrivateFrameworks/MSUDataAccessor.framework/Versions/A/MSUDataAccessor
0x00007ff91f5cd000 	/usr/lib/libbootpolicy.dylib
0x00007ff930300000 	/usr/lib/libpartition2_dynamic.dylib
0x00007ffb1effa000 	/System/Library/PrivateFrameworks/CMPhoto.framework/Versions/A/CMPhoto
0x00007ff82e6fd000 	/System/Library/PrivateFrameworks/AppleVPA.framework/Versions/A/AppleVPA
0x00007ff828100000 	/System/Library/Frameworks/MediaToolbox.framework/Versions/A/MediaToolbox
0x00007ff82db1e000 	/System/Library/PrivateFrameworks/CoreAVCHD.framework/Versions/A/CoreAVCHD
0x00007ff82cc5c000 	/System/Library/Frameworks/MediaAccessibility.framework/Versions/A/MediaAccessibility
0x00007ff82db1a000 	/System/Library/PrivateFrameworks/Mangrove.framework/Versions/A/Mangrove
0x00007ff82d75f000 	/System/Library/PrivateFrameworks/CoreAUC.framework/Versions/A/CoreAUC
0x00007ff922b22000 	/System/Library/Frameworks/Accelerate.framework/Versions/A/Frameworks/vImage.framework/Versions/A/Libraries/libCGInterfaces.dylib
0x0000000124e15000 	/usr/lib/libobjc-trampolines.dylib
0x00007ffc1d54f000 	/usr/lib/libAccessibilityBaseImplementations.dylib
0x00007ff8211d1000 	/System/Library/PrivateFrameworks/ViewBridge.framework/Versions/A/ViewBridge
0x00007ff8274a0000 	/System/Library/PrivateFrameworks/login.framework/Versions/A/login
0x000000012e9d5000 	/Users/lukekimes/cs4450/lwjgl-2.9.2/native/macosx/liblwjgl.dylib
0x0000000124edc000 	/Library/Java/JavaVirtualMachines/temurin-17.jdk/Contents/Home/lib/libjawt.dylib
0x00007ffa32e88000 	/System/Library/Frameworks/OpenGL.framework/Versions/A/Resources/GLEngine.bundle/GLEngine
0x00007ffa32cf9000 	/System/Library/Frameworks/OpenGL.framework/Versions/A/Libraries/libGLProgrammability.dylib
0x00007ffa2aef4000 	/System/Library/Extensions/AppleIntelKBLGraphicsGLDriver.bundle/Contents/MacOS/AppleIntelKBLGraphicsGLDriver
0x00007ff92945c000 	/System/Library/PrivateFrameworks/GPUSupport.framework/Versions/A/Libraries/libGPUSupportMercury.dylib
0x00007ffa3300a000 	/System/Library/Frameworks/OpenGL.framework/Versions/A/Resources/GLRendererFloat.bundle/GLRendererFloat


VM Arguments:
jvm_args: -Dfile.encoding=UTF-8 -Djava.library.path=/Users/lukekimes/cs4450/lwjgl-2.9.2/native/macosx --module-path=/Users/lukekimes/NetBeansProjects/Checkpoint_2/build/classes 
java_command: checkpoint_2.Checkpoint_2
java_class_path (initial): /Users/lukekimes/cs4450/lwjgl-2.9.2/jar/lwjgl.jar:/Users/lukekimes/cs4450/lwjgl-2.9.2/jar/lwjgl_util.jar:/Users/lukekimes/cs4450/lwjgl-2.9.2/jar/jinput.jar:/Users/lukekimes/cs4450/slick-util.jar:/Users/lukekimes/NetBeansProjects/Checkpoint_2/build/classes
Launcher Type: SUN_STANDARD

[Global flags]
     intx CICompilerCount                          = 4                                         {product} {ergonomic}
     uint ConcGCThreads                            = 2                                         {product} {ergonomic}
     uint G1ConcRefinementThreads                  = 8                                         {product} {ergonomic}
   size_t G1HeapRegionSize                         = 2097152                                   {product} {ergonomic}
    uintx GCDrainStackTargetSize                   = 64                                        {product} {ergonomic}
   size_t InitialHeapSize                          = 268435456                                 {product} {ergonomic}
   size_t MarkStackSize                            = 4194304                                   {product} {ergonomic}
   size_t MaxHeapSize                              = 4294967296                                {product} {ergonomic}
   size_t MaxNewSize                               = 2575302656                                {product} {ergonomic}
   size_t MinHeapDeltaBytes                        = 2097152                                   {product} {ergonomic}
   size_t MinHeapSize                              = 8388608                                   {product} {ergonomic}
    uintx NonNMethodCodeHeapSize                   = 5839372                                {pd product} {ergonomic}
    uintx NonProfiledCodeHeapSize                  = 122909434                              {pd product} {ergonomic}
    uintx ProfiledCodeHeapSize                     = 122909434                              {pd product} {ergonomic}
    uintx ReservedCodeCacheSize                    = 251658240                              {pd product} {ergonomic}
     bool SegmentedCodeCache                       = true                                      {product} {ergonomic}
   size_t SoftMaxHeapSize                          = 4294967296                             {manageable} {ergonomic}
     bool UseCompressedClassPointers               = true                           {product lp64_product} {ergonomic}
     bool UseCompressedOops                        = true                           {product lp64_product} {ergonomic}
     bool UseG1GC                                  = true                                      {product} {ergonomic}
     bool UseNUMA                                  = false                                     {product} {ergonomic}
     bool UseNUMAInterleaving                      = false                                     {product} {ergonomic}

Logging:
Log output configuration:
 #0: stdout all=warning uptime,level,tags
 #1: stderr all=off uptime,level,tags

Environment Variables:
PATH=/usr/bin:/bin:/usr/sbin:/sbin
SHELL=/bin/zsh
LC_CTYPE=UTF-8
TMPDIR=/var/folders/dt/l3p_qs6n1k5680mxf4nl8_wh0000gn/T/

Active Locale:
LC_ALL=C/UTF-8/C/C/C/C
LC_COLLATE=C
LC_CTYPE=UTF-8
LC_MESSAGES=C
LC_MONETARY=C
LC_NUMERIC=C
LC_TIME=C

Signal Handlers:
   SIGSEGV: crash_handler in libjvm.dylib, mask=11100110000111110111111111111111, flags=SA_RESTART|SA_SIGINFO, unblocked
    SIGBUS: crash_handler in libjvm.dylib, mask=11100110000111110111111111111111, flags=SA_RESTART|SA_SIGINFO, unblocked
    SIGFPE: crash_handler in libjvm.dylib, mask=11100110000111110111111111111111, flags=SA_RESTART|SA_SIGINFO, unblocked
   SIGPIPE: javaSignalHandler in libjvm.dylib, mask=11100110000111110111111111111111, flags=SA_RESTART|SA_SIGINFO, blocked
   SIGXFSZ: javaSignalHandler in libjvm.dylib, mask=11100110000111110111111111111111, flags=SA_RESTART|SA_SIGINFO, blocked
    SIGILL: crash_handler in libjvm.dylib, mask=11100110000111110111111111111111, flags=SA_RESTART|SA_SIGINFO, unblocked
   SIGUSR2: SR_handler in libjvm.dylib, mask=00100000000000000000000000000000, flags=SA_RESTART|SA_SIGINFO, blocked
    SIGHUP: UserHandler in libjvm.dylib, mask=11100110000111110111111111111111, flags=SA_RESTART|SA_SIGINFO, blocked
    SIGINT: SIG_IGN, mask=00000000000000000000000000000000, flags=none, blocked
   SIGTERM: UserHandler in libjvm.dylib, mask=11100110000111110111111111111111, flags=SA_RESTART|SA_SIGINFO, blocked
   SIGQUIT: UserHandler in libjvm.dylib, mask=11100110000111110111111111111111, flags=SA_RESTART|SA_SIGINFO, blocked
   SIGTRAP: crash_handler in libjvm.dylib, mask=11100110000111110111111111111111, flags=SA_RESTART|SA_SIGINFO, unblocked


---------------  S Y S T E M  ---------------

OS:
uname: Darwin 22.6.0 Darwin Kernel Version 22.6.0: Wed Jul  5 22:21:56 PDT 2023; root:xnu-8796.141.3~6/RELEASE_X86_64 x86_64
OS uptime: 1 days 9:44 hours
rlimit (soft/hard): STACK 8192k/65532k , CORE 0k/infinity , NPROC 2784/4176 , NOFILE 10240/infinity , AS infinity/infinity , CPU infinity/infinity , DATA infinity/infinity , FSIZE infinity/infinity , MEMLOCK infinity/infinity , RSS infinity/infinity
load average: 4.41 3.66 3.73

CPU: total 8 (initial active 8) (4 cores per cpu, 2 threads per core) family 6 model 142 stepping 10 microcode 0xf4, cx8, cmov, fxsr, ht, mmx, 3dnowpref, sse, sse2, sse3, ssse3, sse4.1, sse4.2, popcnt, lzcnt, tsc, tscinvbit, avx, avx2, aes, erms, clmul, bmi1, bmi2, adx, fma, vzeroupper, clflush, clflushopt

Memory: 4k page, physical 16777216k(185608k free), swap 3145728k(1254656k free)

vm_info: OpenJDK 64-Bit Server VM (17.0.7+7) for bsd-amd64 JRE (17.0.7+7), built on Apr 18 2023 21:54:37 by "temurin" with clang 4.2.1 Compatible Apple LLVM 10.0.1 (clang-1001.0.46.4)

END.
